#
# A fatal error has been detected by the Java Runtime Environment:
#
#  SIGBUS (0xa) at pc=0x0000000122efaaa3, pid=42332, tid=0x000000000000bf9b
#
# JRE version: Java(TM) SE Runtime Environment (8.0_201-b09) (build 1.8.0_201-b09)
# Java VM: Java HotSpot(TM) 64-Bit Server VM (25.201-b09 mixed mode bsd-amd64 compressed oops)
# Problematic frame:
# C  [MdaUGens.scx+0x1aa3]  MdaPiano_next+0x663
#
# Failed to write core dump. Core dumps have been disabled. To enable core dumping, try "ulimit -c unlimited" before starting Java again
#
# If you would like to submit a bug report, please visit:
#   http://bugreport.java.com/bugreport/crash.jsp
#

---------------  T H R E A D  ---------------

Current thread is native thread

siginfo: si_signo: 10 (SIGBUS), si_code: 2 (BUS_ADRERR), si_addr: 0x000000011f063596

Registers:
RAX=0x0000000000000007, RBX=0x000000000000007a, RCX=0x0000000122efb040, RDX=0x0000000000000000
RSP=0x0000700003e89a50, RBP=0x0000700003e89ad0, RSI=0xfffffffffe0b42ab, RDI=0x0000000000000000
R8 =0x00000001230ffca0, R9 =0x0000000000000001, R10=0x0000000000000001, R11=0x0000000000000002
R12=0x00007ffe58069fe4, R13=0x00000001230fff74, R14=0x00000001231000ec, R15=0x00007ffe58069ee4
RIP=0x0000000122efaaa3, EFLAGS=0x0000000000010286, ERR=0x0000000000000004
  TRAPNO=0x000000000000000e

Top of Stack: (sp=0x0000700003e89a50)
0x0000700003e89a50:   0000000000000001 0000000122efa9d3
0x0000700003e89a60:   3c03126f00000e5b 3e4ccccd3f4ccccd
0x0000700003e89a70:   00000040c91e663a 3fbbf4883f800000
0x0000700003e89a80:   000000013f4ccccd 404cccce3f800000
0x0000700003e89a90:   00007ffe57d22328 0000000123100540
0x0000700003e89aa0:   000000013d23d70b 0000000000000001
0x0000700003e89ab0:   00000001230ffc60 0000000000000001
0x0000700003e89ac0:   0000000000000000 00000001230ffc28
0x0000700003e89ad0:   e1de2cd44dab9b39 00000001218f4d01
0x0000700003e89ae0:   0000000000000000 4530000000000000
0x0000700003e89af0:   4330000000000000 0000000000d95a87
0x0000700003e89b00:   0000000133124e14 00000001218f8907
0x0000700003e89b10:   00000001230fd6c0 00000001218f8907
0x0000700003e89b20:   0000000000000000 00000001218f8907
0x0000700003e89b30:   00000001230f0280 00000001218f8907
0x0000700003e89b40:   00000001230f0480 00000001218f8907
0x0000700003e89b50:   0000000000000000 00000001218f8907
0x0000700003e89b60:   00007ffe58045600 00000001218f3ef1
0x0000700003e89b70:   000252e135b078a4 0101000000000000
0x0000700003e89b80:   00000000005f1bf4 0000000800000000
0x0000700003e89b90:   00007ffe57c93c00 0000020000000007
0x0000700003e89ba0:   e1de2cd4510396cd 1e21d32baf5b8527
0x0000700003e89bb0:   fffffff700000000 0000000000000040
0x0000700003e89bc0:   00000001331050e0 3ee5888000000000
0x0000700003e89bd0:   0000000000000200 0000000000000200
0x0000700003e89be0:   0000000100000001 1e21d32bafbaa11b
0x0000700003e89bf0:   e1de2cd450a47ad9 00007ffe57ac6f01
0x0000700003e89c00:   00000008fffffff7 0000000000000040
0x0000700003e89c10:   00007ffe57d23e40 00000001330ed000
0x0000700003e89c20:   00007ffe57d222b0 0000000122aae000
0x0000700003e89c30:   000001c003e89c60 0000000000000100
0x0000700003e89c40:   0000000000000100 0000000000000008 

Instructions: (pc=0x0000000122efaaa3)
0x0000000122efaa83:   75 7c 0f b7 d2 41 89 55 78 41 3b b5 80 00 00 00
0x0000000122efaa93:   7e 0b 41 2b b5 84 00 00 00 41 89 75 7c 48 63 f6
0x0000000122efaaa3:   0f bf 3c 71 ff c6 48 63 f6 0f bf 34 71 29 fe 0f
0x0000000122efaab3:   af f2 c1 fe 10 01 fe f3 0f 2a d6 f3 41 0f 10 9d 

Register to memory mapping:

RAX=0x0000000000000007 is an unknown value
RBX=0x000000000000007a is an unknown value
RCX=0x0000000122efb040: pianoData+0 in /Users/mochi/Documents/scherz/native/macosx/x86_64/MdaUGens.scx at 0x0000000122ef9000
RDX=0x0000000000000000 is an unknown value
RSP=0x0000700003e89a50 is an unknown value
RBP=0x0000700003e89ad0 is an unknown value
RSI=0xfffffffffe0b42ab is an unknown value
RDI=0x0000000000000000 is an unknown value
R8 =0x00000001230ffca0 is an unknown value
R9 =0x0000000000000001 is an unknown value
R10=0x0000000000000001 is an unknown value
R11=0x0000000000000002 is an unknown value
R12=0x00007ffe58069fe4 is an unknown value
R13=0x00000001230fff74 is an unknown value
R14=0x00000001231000ec is an unknown value
R15=0x00007ffe58069ee4 is an unknown value


Stack: [0x0000700003e0a000,0x0000700003e8a000],  sp=0x0000700003e89a50,  free space=510k
Native frames: (J=compiled Java code, j=interpreted, Vv=VM code, C=native code)
C  [MdaUGens.scx+0x1aa3]  MdaPiano_next+0x663


---------------  P R O C E S S  ---------------

VM state:not at safepoint (normal execution)

VM Mutex/Monitor currently owned by a thread: None

heap address: 0x0000000740000000, size: 2048 MB, Compressed Oops mode: Zero based, Oop shift amount: 3
Narrow klass base: 0x0000000000000000, Narrow klass shift: 3
Compressed class space size: 1073741824 Address: 0x00000007c0000000

Heap:
 PSYoungGen      total 696320K, used 576421K [0x0000000795580000, 0x00000007c0000000, 0x00000007c0000000)
  eden space 693760K, 83% used [0x0000000795580000,0x00000007b8841428,0x00000007bfb00000)
  from space 2560K, 6% used [0x00000007bfd80000,0x00000007bfda8000,0x00000007c0000000)
  to   space 2560K, 0% used [0x00000007bfb00000,0x00000007bfb00000,0x00000007bfd80000)
 ParOldGen       total 286720K, used 108371K [0x0000000740000000, 0x0000000751800000, 0x0000000795580000)
  object space 286720K, 37% used [0x0000000740000000,0x00000007469d4f38,0x0000000751800000)
 Metaspace       used 49320K, capacity 64296K, committed 75924K, reserved 1103872K
  class space    used 12314K, capacity 17437K, committed 21652K, reserved 1048576K

Card table byte_map: [0x0000000106379000,0x000000010677a000] byte_map_base: 0x0000000102979000

Marking Bits: (ParMarkBitMap*) 0x00000001058fbe40
 Begin Bits: [0x00000001167c9000, 0x00000001187c9000)
 End Bits:   [0x00000001187c9000, 0x000000011a7c9000)

Polling page: 0x0000000104785000

CodeCache: size=245760Kb used=15885Kb max_used=15885Kb free=229874Kb
 bounds [0x00000001077c9000, 0x0000000108759000, 0x00000001167c9000]
 total_blobs=7632 nmethods=7072 adapters=472
 compilation: enabled

Compilation events (10 events):
Event: 20430.846 Thread 0x00007ffe54064800 7200       1       scherz.generate$apply_scores::doInvoke (13 bytes)
Event: 20430.846 Thread 0x00007ffe54064800 nmethod 7200 0x000000010874ab90 code [0x000000010874ad00, 0x000000010874ae88]
Event: 20430.846 Thread 0x00007ffe54064800 7201       1       scherz.generate$apply_scores::invokeStatic (132 bytes)
Event: 20430.848 Thread 0x00007ffe54064800 nmethod 7201 0x000000010874af50 code [0x000000010874b140, 0x000000010874b6f8]
Event: 20437.003 Thread 0x00007ffe54064800 7202       1       scherz.generate$generate_chords::invoke (13 bytes)
Event: 20437.003 Thread 0x00007ffe54064800 nmethod 7202 0x000000010874bb50 code [0x000000010874bcc0, 0x000000010874bde8]
Event: 20437.003 Thread 0x00007ffe54064800 7203       1       scherz.generate$generate_chords::invokeStatic (436 bytes)
Event: 20437.005 Thread 0x00007ffe54064800 nmethod 7203 0x000000010874be50 code [0x000000010874c1e0, 0x000000010874d3a8]
Event: 20757.585 Thread 0x00007ffe54064800 7204       1       java.util.concurrent.ThreadPoolExecutor::getThreadFactory (5 bytes)
Event: 20757.586 Thread 0x00007ffe54064800 nmethod 7204 0x000000010874e610 code [0x000000010874e760, 0x000000010874e870]

GC Heap History (10 events):
Event: 20488.690 GC heap before
{Heap before GC invocations=406 (full 6):
 PSYoungGen      total 693760K, used 690384K [0x0000000795580000, 0x00000007c0000000, 0x00000007c0000000)
  eden space 690176K, 100% used [0x0000000795580000,0x00000007bf780000,0x00000007bf780000)
  from space 3584K, 5% used [0x00000007bf780000,0x00000007bf7b4010,0x00000007bfb00000)
  to   space 3584K, 0% used [0x00000007bfc80000,0x00000007bfc80000,0x00000007c0000000)
 ParOldGen       total 286720K, used 108339K [0x0000000740000000, 0x0000000751800000, 0x0000000795580000)
  object space 286720K, 37% used [0x0000000740000000,0x00000007469ccf38,0x0000000751800000)
 Metaspace       used 49310K, capacity 64278K, committed 75924K, reserved 1103872K
  class space    used 12310K, capacity 17431K, committed 21652K, reserved 1048576K
Event: 20488.693 GC heap after
Heap after GC invocations=406 (full 6):
 PSYoungGen      total 694272K, used 192K [0x0000000795580000, 0x00000007bff00000, 0x00000007c0000000)
  eden space 691712K, 0% used [0x0000000795580000,0x0000000795580000,0x00000007bf900000)
  from space 2560K, 7% used [0x00000007bfc80000,0x00000007bfcb0000,0x00000007bff00000)
  to   space 3072K, 0% used [0x00000007bf900000,0x00000007bf900000,0x00000007bfc00000)
 ParOldGen       total 286720K, used 108347K [0x0000000740000000, 0x0000000751800000, 0x0000000795580000)
  object space 286720K, 37% used [0x0000000740000000,0x00000007469cef38,0x0000000751800000)
 Metaspace       used 49310K, capacity 64278K, committed 75924K, reserved 1103872K
  class space    used 12310K, capacity 17431K, committed 21652K, reserved 1048576K
}
Event: 20491.570 GC heap before
{Heap before GC invocations=407 (full 6):
 PSYoungGen      total 694272K, used 691904K [0x0000000795580000, 0x00000007bff00000, 0x00000007c0000000)
  eden space 691712K, 100% used [0x0000000795580000,0x00000007bf900000,0x00000007bf900000)
  from space 2560K, 7% used [0x00000007bfc80000,0x00000007bfcb0000,0x00000007bff00000)
  to   space 3072K, 0% used [0x00000007bf900000,0x00000007bf900000,0x00000007bfc00000)
 ParOldGen       total 286720K, used 108347K [0x0000000740000000, 0x0000000751800000, 0x0000000795580000)
  object space 286720K, 37% used [0x0000000740000000,0x00000007469cef38,0x0000000751800000)
 Metaspace       used 49310K, capacity 64278K, committed 75924K, reserved 1103872K
  class space    used 12310K, capacity 17431K, committed 21652K, reserved 1048576K
Event: 20491.573 GC heap after
Heap after GC invocations=407 (full 6):
 PSYoungGen      total 694784K, used 192K [0x0000000795580000, 0x00000007c0000000, 0x00000007c0000000)
  eden space 691712K, 0% used [0x0000000795580000,0x0000000795580000,0x00000007bf900000)
  from space 3072K, 6% used [0x00000007bf900000,0x00000007bf930000,0x00000007bfc00000)
  to   space 3072K, 0% used [0x00000007bfd00000,0x00000007bfd00000,0x00000007c0000000)
 ParOldGen       total 286720K, used 108355K [0x0000000740000000, 0x0000000751800000, 0x0000000795580000)
  object space 286720K, 37% used [0x0000000740000000,0x00000007469d0f38,0x0000000751800000)
 Metaspace       used 49310K, capacity 64278K, committed 75924K, reserved 1103872K
  class space    used 12310K, capacity 17431K, committed 21652K, reserved 1048576K
}
Event: 20494.473 GC heap before
{Heap before GC invocations=408 (full 6):
 PSYoungGen      total 694784K, used 691904K [0x0000000795580000, 0x00000007c0000000, 0x00000007c0000000)
  eden space 691712K, 100% used [0x0000000795580000,0x00000007bf900000,0x00000007bf900000)
  from space 3072K, 6% used [0x00000007bf900000,0x00000007bf930000,0x00000007bfc00000)
  to   space 3072K, 0% used [0x00000007bfd00000,0x00000007bfd00000,0x00000007c0000000)
 ParOldGen       total 286720K, used 108355K [0x0000000740000000, 0x0000000751800000, 0x0000000795580000)
  object space 286720K, 37% used [0x0000000740000000,0x00000007469d0f38,0x0000000751800000)
 Metaspace       used 49310K, capacity 64278K, committed 75924K, reserved 1103872K
  class space    used 12310K, capacity 17431K, committed 21652K, reserved 1048576K
Event: 20494.476 GC heap after
Heap after GC invocations=408 (full 6):
 PSYoungGen      total 694784K, used 160K [0x0000000795580000, 0x00000007bff00000, 0x00000007c0000000)
  eden space 692736K, 0% used [0x0000000795580000,0x0000000795580000,0x00000007bfa00000)
  from space 2048K, 7% used [0x00000007bfd00000,0x00000007bfd28000,0x00000007bff00000)
  to   space 2560K, 0% used [0x00000007bfa00000,0x00000007bfa00000,0x00000007bfc80000)
 ParOldGen       total 286720K, used 108363K [0x0000000740000000, 0x0000000751800000, 0x0000000795580000)
  object space 286720K, 37% used [0x0000000740000000,0x00000007469d2f38,0x0000000751800000)
 Metaspace       used 49310K, capacity 64278K, committed 75924K, reserved 1103872K
  class space    used 12310K, capacity 17431K, committed 21652K, reserved 1048576K
}
Event: 20506.575 GC heap before
{Heap before GC invocations=409 (full 6):
 PSYoungGen      total 694784K, used 692896K [0x0000000795580000, 0x00000007bff00000, 0x00000007c0000000)
  eden space 692736K, 100% used [0x0000000795580000,0x00000007bfa00000,0x00000007bfa00000)
  from space 2048K, 7% used [0x00000007bfd00000,0x00000007bfd28000,0x00000007bff00000)
  to   space 2560K, 0% used [0x00000007bfa00000,0x00000007bfa00000,0x00000007bfc80000)
 ParOldGen       total 286720K, used 108363K [0x0000000740000000, 0x0000000751800000, 0x0000000795580000)
  object space 286720K, 37% used [0x0000000740000000,0x00000007469d2f38,0x0000000751800000)
 Metaspace       used 49314K, capacity 64284K, committed 75924K, reserved 1103872K
  class space    used 12311K, capacity 17433K, committed 21652K, reserved 1048576K
Event: 20506.578 GC heap after
Heap after GC invocations=409 (full 6):
 PSYoungGen      total 695296K, used 128K [0x0000000795580000, 0x00000007c0000000, 0x00000007c0000000)
  eden space 692736K, 0% used [0x0000000795580000,0x0000000795580000,0x00000007bfa00000)
  from space 2560K, 5% used [0x00000007bfa00000,0x00000007bfa20000,0x00000007bfc80000)
  to   space 2560K, 0% used [0x00000007bfd80000,0x00000007bfd80000,0x00000007c0000000)
 ParOldGen       total 286720K, used 108363K [0x0000000740000000, 0x0000000751800000, 0x0000000795580000)
  object space 286720K, 37% used [0x0000000740000000,0x00000007469d2f38,0x0000000751800000)
 Metaspace       used 49314K, capacity 64284K, committed 75924K, reserved 1103872K
  class space    used 12311K, capacity 17433K, committed 21652K, reserved 1048576K
}
Event: 20508.888 GC heap before
{Heap before GC invocations=410 (full 6):
 PSYoungGen      total 695296K, used 692864K [0x0000000795580000, 0x00000007c0000000, 0x00000007c0000000)
  eden space 692736K, 100% used [0x0000000795580000,0x00000007bfa00000,0x00000007bfa00000)
  from space 2560K, 5% used [0x00000007bfa00000,0x00000007bfa20000,0x00000007bfc80000)
  to   space 2560K, 0% used [0x00000007bfd80000,0x00000007bfd80000,0x00000007c0000000)
 ParOldGen       total 286720K, used 108363K [0x0000000740000000, 0x0000000751800000, 0x0000000795580000)
  object space 286720K, 37% used [0x0000000740000000,0x00000007469d2f38,0x0000000751800000)
 Metaspace       used 49314K, capacity 64284K, committed 75924K, reserved 1103872K
  class space    used 12311K, capacity 17433K, committed 21652K, reserved 1048576K
Event: 20508.891 GC heap after
Heap after GC invocations=410 (full 6):
 PSYoungGen      total 696320K, used 160K [0x0000000795580000, 0x00000007c0000000, 0x00000007c0000000)
  eden space 693760K, 0% used [0x0000000795580000,0x0000000795580000,0x00000007bfb00000)
  from space 2560K, 6% used [0x00000007bfd80000,0x00000007bfda8000,0x00000007c0000000)
  to   space 2560K, 0% used [0x00000007bfb00000,0x00000007bfb00000,0x00000007bfd80000)
 ParOldGen       total 286720K, used 108371K [0x0000000740000000, 0x0000000751800000, 0x0000000795580000)
  object space 286720K, 37% used [0x0000000740000000,0x00000007469d4f38,0x0000000751800000)
 Metaspace       used 49314K, capacity 64284K, committed 75924K, reserved 1103872K
  class space    used 12311K, capacity 17433K, committed 21652K, reserved 1048576K
}

Deoptimization events (0 events):
No events

Classes redefined (0 events):
No events

Internal exceptions (10 events):
Event: 20278.789 Thread 0x00007ffe541f4800 JVM_StopThread thread JavaThread 0x00007ffe541f5000 as oop 0x00000007bd0f3eb0 [exception 0x0000700001d13ef0]
Event: 20309.272 Thread 0x00007ffe5396e800 JVM_StopThread thread JavaThread 0x00007ffe53b7a000 as oop 0x0000000746098d70 [exception 0x0000700004db5ef0]
Event: 20337.010 Thread 0x00007ffe5396e000 JVM_StopThread thread JavaThread 0x00007ffe541f5000 as oop 0x00000007bb080000 [exception 0x0000700004cb2ef0]
Event: 20350.256 Thread 0x00007ffe5396e000 JVM_StopThread thread JavaThread 0x00007ffe53b7a000 as oop 0x00000007bde88000 [exception 0x0000700004cb2ef0]
Event: 20373.896 Thread 0x00007ffe5396d000 JVM_StopThread thread JavaThread 0x00007ffe545dc000 as oop 0x00000007be588000 [exception 0x0000700004bafef0]
Event: 20400.250 Thread 0x00007ffe541f6000 JVM_StopThread thread JavaThread 0x00007ffe5512d000 as oop 0x00000007bd200000 [exception 0x000070000461def0]
Event: 20419.994 Thread 0x00007ffe54bcc000 JVM_StopThread thread JavaThread 0x00007ffe55129800 as oop 0x00000007bdf00000 [exception 0x00007000037e7ef0]
Event: 20447.147 Thread 0x00007ffe541f6000 JVM_StopThread thread JavaThread 0x00007ffe5512d000 as oop 0x00000007bee80000 [exception 0x000070000461def0]
Event: 20496.667 Thread 0x00007ffe54ca5000 JVM_StopThread thread JavaThread 0x00007ffe54bcb000 as oop 0x00000007bfd00000 [exception 0x0000700003c7cef0]
Event: 20510.333 Thread 0x00007ffe5396d000 JVM_StopThread thread JavaThread 0x00007ffe54bcc800 as oop 0x00000007bfd80000 [exception 0x0000700004bafef0]

Events (10 events):
Event: 20785.772 Executing VM operation: RevokeBias
Event: 20785.772 Executing VM operation: RevokeBias done
Event: 20785.772 Executing VM operation: RevokeBias
Event: 20785.772 Executing VM operation: RevokeBias done
Event: 20785.774 Executing VM operation: RevokeBias
Event: 20785.774 Executing VM operation: RevokeBias done
Event: 20785.774 Executing VM operation: RevokeBias
Event: 20785.774 Executing VM operation: RevokeBias done
Event: 20785.783 Thread 0x00007ffe54bcc000 Thread added: 0x00007ffe54bcc000
Event: 20785.787 Thread 0x00007ffe54bcc000 Thread exited: 0x00007ffe54bcc000


Dynamic libraries:
0x00007fff5607c000 	/System/Library/Frameworks/Cocoa.framework/Versions/A/Cocoa
0x00007fff62698000 	/System/Library/Frameworks/Security.framework/Versions/A/Security
0x00007fff54cbe000 	/System/Library/Frameworks/ApplicationServices.framework/Versions/A/ApplicationServices
0x00007fff7e4f3000 	/usr/lib/libz.1.dylib
0x00007fff7c424000 	/usr/lib/libSystem.B.dylib
0x00007fff7dadd000 	/usr/lib/libobjc.A.dylib
0x00007fff5682f000 	/System/Library/Frameworks/CoreFoundation.framework/Versions/A/CoreFoundation
0x00007fff58990000 	/System/Library/Frameworks/Foundation.framework/Versions/C/Foundation
0x00007fff53e0e000 	/System/Library/Frameworks/AppKit.framework/Versions/C/AppKit
0x00007fff563f4000 	/System/Library/Frameworks/CoreData.framework/Versions/A/CoreData
0x00007fff75d62000 	/System/Library/PrivateFrameworks/RemoteViewServices.framework/Versions/A/RemoteViewServices
0x00007fff7a4c9000 	/System/Library/PrivateFrameworks/UIFoundation.framework/Versions/A/UIFoundation
0x00007fff6ab60000 	/System/Library/PrivateFrameworks/DFRFoundation.framework/Versions/A/DFRFoundation
0x00007fff5affc000 	/System/Library/Frameworks/Metal.framework/Versions/A/Metal
0x00007fff6acfd000 	/System/Library/PrivateFrameworks/DesktopServicesPriv.framework/Versions/A/DesktopServicesPriv
0x00007fff7d02a000 	/usr/lib/libenergytrace.dylib
0x00007fff78534000 	/System/Library/PrivateFrameworks/SkyLight.framework/Versions/A/SkyLight
0x00007fff56cd2000 	/System/Library/Frameworks/CoreGraphics.framework/Versions/A/CoreGraphics
0x00007fff7c41f000 	/usr/lib/libScreenReader.dylib
0x00007fff52da8000 	/System/Library/Frameworks/Accelerate.framework/Versions/A/Accelerate
0x00007fff5910a000 	/System/Library/Frameworks/IOSurface.framework/Versions/A/IOSurface
0x00007fff55208000 	/System/Library/Frameworks/AudioToolbox.framework/Versions/A/AudioToolbox
0x00007fff55498000 	/System/Library/Frameworks/AudioUnit.framework/Versions/A/AudioUnit
0x00007fff6abf8000 	/System/Library/PrivateFrameworks/DataDetectorsCore.framework/Versions/A/DataDetectorsCore
0x00007fff55b6f000 	/System/Library/Frameworks/Carbon.framework/Versions/A/Frameworks/HIToolbox.framework/Versions/A/HIToolbox
0x00007fff7d184000 	/usr/lib/libicucore.A.dylib
0x00007fff61c14000 	/System/Library/Frameworks/QuartzCore.framework/Versions/A/QuartzCore
0x00007fff777eb000 	/System/Library/PrivateFrameworks/SignpostNotification.framework/Versions/A/SignpostNotification
0x00007fff55f55000 	/System/Library/Frameworks/Carbon.framework/Versions/A/Frameworks/SpeechRecognition.framework/Versions/A/SpeechRecognition
0x00007fff7c580000 	/usr/lib/libauto.dylib
0x00007fff7e3e2000 	/usr/lib/libxml2.2.dylib
0x00007fff6a7b1000 	/System/Library/PrivateFrameworks/CoreUI.framework/Versions/A/CoreUI
0x00007fff562d0000 	/System/Library/Frameworks/CoreAudio.framework/Versions/A/CoreAudio
0x00007fff587ca000 	/System/Library/Frameworks/DiskArbitration.framework/Versions/A/DiskArbitration
0x00007fff7d3f8000 	/usr/lib/liblangid.dylib
0x00007fff7226c000 	/System/Library/PrivateFrameworks/MultitouchSupport.framework/Versions/A/MultitouchSupport
0x00007fff5906d000 	/System/Library/Frameworks/IOKit.framework/Versions/A/IOKit
0x00007fff7c0ae000 	/usr/lib/libDiagnosticMessagesClient.dylib
0x00007fff579a8000 	/System/Library/Frameworks/CoreServices.framework/Versions/A/CoreServices
0x00007fff73d9e000 	/System/Library/PrivateFrameworks/PerformanceAnalysis.framework/Versions/A/PerformanceAnalysis
0x00007fff60db6000 	/System/Library/Frameworks/OpenGL.framework/Versions/A/OpenGL
0x00007fff5608a000 	/System/Library/Frameworks/ColorSync.framework/Versions/A/ColorSync
0x00007fff572e4000 	/System/Library/Frameworks/CoreImage.framework/Versions/A/CoreImage
0x00007fff58338000 	/System/Library/Frameworks/CoreText.framework/Versions/A/CoreText
0x00007fff59168000 	/System/Library/Frameworks/ImageIO.framework/Versions/A/ImageIO
0x00007fff674a8000 	/System/Library/PrivateFrameworks/Backup.framework/Versions/A/Backup
0x00007fff7c4d0000 	/usr/lib/libarchive.2.dylib
0x00007fff557bb000 	/System/Library/Frameworks/CFNetwork.framework/Versions/A/CFNetwork
0x00007fff62e2b000 	/System/Library/Frameworks/SystemConfiguration.framework/Versions/A/SystemConfiguration
0x00007fff7bfd7000 	/usr/lib/libCRFSuite.dylib
0x00007fff7c659000 	/usr/lib/libc++.1.dylib
0x00007fff7c6b0000 	/usr/lib/libc++abi.dylib
0x00007fff7e5a1000 	/usr/lib/system/libcache.dylib
0x00007fff7e5a6000 	/usr/lib/system/libcommonCrypto.dylib
0x00007fff7e5b1000 	/usr/lib/system/libcompiler_rt.dylib
0x00007fff7e5b9000 	/usr/lib/system/libcopyfile.dylib
0x00007fff7e5c3000 	/usr/lib/system/libcorecrypto.dylib
0x00007fff7e6d0000 	/usr/lib/system/libdispatch.dylib
0x00007fff7e70a000 	/usr/lib/system/libdyld.dylib
0x00007fff7e728000 	/usr/lib/system/libkeymgr.dylib
0x00007fff7e736000 	/usr/lib/system/liblaunch.dylib
0x00007fff7e737000 	/usr/lib/system/libmacho.dylib
0x00007fff7e73c000 	/usr/lib/system/libquarantine.dylib
0x00007fff7e73f000 	/usr/lib/system/libremovefile.dylib
0x00007fff7e741000 	/usr/lib/system/libsystem_asl.dylib
0x00007fff7e759000 	/usr/lib/system/libsystem_blocks.dylib
0x00007fff7e75a000 	/usr/lib/system/libsystem_c.dylib
0x00007fff7e7e4000 	/usr/lib/system/libsystem_configuration.dylib
0x00007fff7e7e8000 	/usr/lib/system/libsystem_coreservices.dylib
0x00007fff7e7ec000 	/usr/lib/system/libsystem_darwin.dylib
0x00007fff7e7ee000 	/usr/lib/system/libsystem_dnssd.dylib
0x00007fff7e7f5000 	/usr/lib/system/libsystem_info.dylib
0x00007fff7e866000 	/usr/lib/system/libsystem_m.dylib
0x00007fff7e8b2000 	/usr/lib/system/libsystem_malloc.dylib
0x00007fff7e8d2000 	/usr/lib/system/libsystem_network.dylib
0x00007fff7ea03000 	/usr/lib/system/libsystem_networkextension.dylib
0x00007fff7ea0e000 	/usr/lib/system/libsystem_notify.dylib
0x00007fff7ea2c000 	/usr/lib/system/libsystem_sandbox.dylib
0x00007fff7ea30000 	/usr/lib/system/libsystem_secinit.dylib
0x00007fff7e83f000 	/usr/lib/system/libsystem_kernel.dylib
0x00007fff7ea18000 	/usr/lib/system/libsystem_platform.dylib
0x00007fff7ea20000 	/usr/lib/system/libsystem_pthread.dylib
0x00007fff7ea32000 	/usr/lib/system/libsystem_symptoms.dylib
0x00007fff7ea3a000 	/usr/lib/system/libsystem_trace.dylib
0x00007fff7ea4f000 	/usr/lib/system/libunwind.dylib
0x00007fff7ea55000 	/usr/lib/system/libxpc.dylib
0x00007fff7beea000 	/usr/lib/closure/libclosured.dylib
0x00007fff7c63a000 	/usr/lib/libbsm.0.dylib
0x00007fff7e729000 	/usr/lib/system/libkxld.dylib
0x00007fff7c2e8000 	/usr/lib/libOpenScriptingUtil.dylib
0x00007fff7c9a9000 	/usr/lib/libcoretls.dylib
0x00007fff7c9c2000 	/usr/lib/libcoretls_cfhelpers.dylib
0x00007fff7dede000 	/usr/lib/libpam.2.dylib
0x00007fff7e005000 	/usr/lib/libsqlite3.dylib
0x00007fff7e3d1000 	/usr/lib/libxar.1.dylib
0x00007fff7c64b000 	/usr/lib/libbz2.1.0.dylib
0x00007fff7d3fa000 	/usr/lib/liblzma.5.dylib
0x00007fff7d8db000 	/usr/lib/libnetwork.dylib
0x00007fff7c4b9000 	/usr/lib/libapple_nghttp2.dylib
0x00007fff7dee5000 	/usr/lib/libpcap.A.dylib
0x00007fff7c581000 	/usr/lib/libboringssl.dylib
0x00007fff7e36c000 	/usr/lib/libusrtcp.dylib
0x00007fff7c4b8000 	/usr/lib/libapple_crypto.dylib
0x00007fff57d2b000 	/System/Library/Frameworks/CoreServices.framework/Versions/A/Frameworks/FSEvents.framework/Versions/A/FSEvents
0x00007fff57a1e000 	/System/Library/Frameworks/CoreServices.framework/Versions/A/Frameworks/CarbonCore.framework/Versions/A/CarbonCore
0x00007fff57ef2000 	/System/Library/Frameworks/CoreServices.framework/Versions/A/Frameworks/Metadata.framework/Versions/A/Metadata
0x00007fff57fa3000 	/System/Library/Frameworks/CoreServices.framework/Versions/A/Frameworks/OSServices.framework/Versions/A/OSServices
0x00007fff58004000 	/System/Library/Frameworks/CoreServices.framework/Versions/A/Frameworks/SearchKit.framework/Versions/A/SearchKit
0x00007fff579a9000 	/System/Library/Frameworks/CoreServices.framework/Versions/A/Frameworks/AE.framework/Versions/A/AE
0x00007fff57d34000 	/System/Library/Frameworks/CoreServices.framework/Versions/A/Frameworks/LaunchServices.framework/Versions/A/LaunchServices
0x00007fff57cf6000 	/System/Library/Frameworks/CoreServices.framework/Versions/A/Frameworks/DictionaryServices.framework/Versions/A/DictionaryServices
0x00007fff58073000 	/System/Library/Frameworks/CoreServices.framework/Versions/A/Frameworks/SharedFileList.framework/Versions/A/SharedFileList
0x00007fff5c232000 	/System/Library/Frameworks/NetFS.framework/Versions/A/NetFS
0x00007fff724fd000 	/System/Library/PrivateFrameworks/NetAuth.framework/Versions/A/NetAuth
0x00007fff7bd81000 	/System/Library/PrivateFrameworks/login.framework/Versions/A/Frameworks/loginsupport.framework/Versions/A/loginsupport
0x00007fff7a146000 	/System/Library/PrivateFrameworks/TCC.framework/Versions/A/TCC
0x00007fff7d4db000 	/usr/lib/libmecabra.dylib
0x00007fff54cbf000 	/System/Library/Frameworks/ApplicationServices.framework/Versions/A/Frameworks/ATS.framework/Versions/A/ATS
0x00007fff5506d000 	/System/Library/Frameworks/ApplicationServices.framework/Versions/A/Frameworks/ColorSyncLegacy.framework/Versions/A/ColorSyncLegacy
0x00007fff55111000 	/System/Library/Frameworks/ApplicationServices.framework/Versions/A/Frameworks/HIServices.framework/Versions/A/HIServices
0x00007fff55164000 	/System/Library/Frameworks/ApplicationServices.framework/Versions/A/Frameworks/LangAnalysis.framework/Versions/A/LangAnalysis
0x00007fff55173000 	/System/Library/Frameworks/ApplicationServices.framework/Versions/A/Frameworks/PrintCore.framework/Versions/A/PrintCore
0x00007fff551c0000 	/System/Library/Frameworks/ApplicationServices.framework/Versions/A/Frameworks/QD.framework/Versions/A/QD
0x00007fff551fb000 	/System/Library/Frameworks/ApplicationServices.framework/Versions/A/Frameworks/SpeechSynthesis.framework/Versions/A/SpeechSynthesis
0x00007fff5674b000 	/System/Library/Frameworks/CoreDisplay.framework/Versions/A/CoreDisplay
0x00007fff52dc0000 	/System/Library/Frameworks/Accelerate.framework/Versions/A/Frameworks/vImage.framework/Versions/A/vImage
0x00007fff53b1a000 	/System/Library/Frameworks/Accelerate.framework/Versions/A/Frameworks/vecLib.framework/Versions/A/vecLib
0x00007fff538ba000 	/System/Library/Frameworks/Accelerate.framework/Versions/A/Frameworks/vecLib.framework/Versions/A/libvDSP.dylib
0x00007fff5341a000 	/System/Library/Frameworks/Accelerate.framework/Versions/A/Frameworks/vecLib.framework/Versions/A/libBNNS.dylib
0x00007fff5381f000 	/System/Library/Frameworks/Accelerate.framework/Versions/A/Frameworks/vecLib.framework/Versions/A/libQuadrature.dylib
0x00007fff53a68000 	/System/Library/Frameworks/Accelerate.framework/Versions/A/Frameworks/vecLib.framework/Versions/A/libvMisc.dylib
0x00007fff53449000 	/System/Library/Frameworks/Accelerate.framework/Versions/A/Frameworks/vecLib.framework/Versions/A/libLAPACK.dylib
0x00007fff532bf000 	/System/Library/Frameworks/Accelerate.framework/Versions/A/Frameworks/vecLib.framework/Versions/A/libBLAS.dylib
0x00007fff53809000 	/System/Library/Frameworks/Accelerate.framework/Versions/A/Frameworks/vecLib.framework/Versions/A/libLinearAlgebra.dylib
0x00007fff53825000 	/System/Library/Frameworks/Accelerate.framework/Versions/A/Frameworks/vecLib.framework/Versions/A/libSparse.dylib
0x00007fff538a6000 	/System/Library/Frameworks/Accelerate.framework/Versions/A/Frameworks/vecLib.framework/Versions/A/libSparseBLAS.dylib
0x00007fff6f33c000 	/System/Library/PrivateFrameworks/GPUWrangler.framework/Versions/A/GPUWrangler
0x00007fff70acd000 	/System/Library/PrivateFrameworks/IOAccelerator.framework/Versions/A/IOAccelerator
0x00007fff70ad8000 	/System/Library/PrivateFrameworks/IOPresentment.framework/Versions/A/IOPresentment
0x00007fff6ab72000 	/System/Library/PrivateFrameworks/DSExternalDisplay.framework/Versions/A/DSExternalDisplay
0x00007fff60235000 	/System/Library/Frameworks/OpenGL.framework/Versions/A/Libraries/libCoreFSCache.dylib
0x00007fff58489000 	/System/Library/Frameworks/CoreVideo.framework/Versions/A/CoreVideo
0x00007fff700b7000 	/System/Library/PrivateFrameworks/GraphVisualizer.framework/Versions/A/GraphVisualizer
0x00007fff5b233000 	/System/Library/Frameworks/MetalPerformanceShaders.framework/Versions/A/MetalPerformanceShaders
0x00007fff7c0e6000 	/usr/lib/libFosl_dynamic.dylib
0x00007fff6bc46000 	/System/Library/PrivateFrameworks/FaceCore.framework/Versions/A/FaceCore
0x00007fff5f030000 	/System/Library/Frameworks/OpenCL.framework/Versions/A/OpenCL
0x00007fff7c6e7000 	/usr/lib/libcompression.dylib
0x00007fff54dbe000 	/System/Library/Frameworks/ApplicationServices.framework/Versions/A/Frameworks/ATS.framework/Versions/A/Resources/libFontParser.dylib
0x00007fff54ee1000 	/System/Library/Frameworks/ApplicationServices.framework/Versions/A/Frameworks/ATS.framework/Versions/A/Resources/libFontRegistry.dylib
0x00007fff593d0000 	/System/Library/Frameworks/ImageIO.framework/Versions/A/Resources/libJPEG.dylib
0x00007fff596f9000 	/System/Library/Frameworks/ImageIO.framework/Versions/A/Resources/libTIFF.dylib
0x00007fff596cf000 	/System/Library/Frameworks/ImageIO.framework/Versions/A/Resources/libPng.dylib
0x00007fff592e3000 	/System/Library/Frameworks/ImageIO.framework/Versions/A/Resources/libGIF.dylib
0x00007fff592e8000 	/System/Library/Frameworks/ImageIO.framework/Versions/A/Resources/libJP2.dylib
0x00007fff596f6000 	/System/Library/Frameworks/ImageIO.framework/Versions/A/Resources/libRadiance.dylib
0x00007fff66bd3000 	/System/Library/PrivateFrameworks/AppleJPEG.framework/Versions/A/AppleJPEG
0x00007fff5b09a000 	/System/Library/Frameworks/MetalPerformanceShaders.framework/Frameworks/MPSCore.framework/Versions/A/MPSCore
0x00007fff5b0b6000 	/System/Library/Frameworks/MetalPerformanceShaders.framework/Frameworks/MPSImage.framework/Versions/A/MPSImage
0x00007fff5b14b000 	/System/Library/Frameworks/MetalPerformanceShaders.framework/Frameworks/MPSNeuralNetwork.framework/Versions/A/MPSNeuralNetwork
0x00007fff5b126000 	/System/Library/Frameworks/MetalPerformanceShaders.framework/Frameworks/MPSMatrix.framework/Versions/A/MPSMatrix
0x00007fff71fce000 	/System/Library/PrivateFrameworks/MetalTools.framework/Versions/A/MetalTools
0x00007fff60400000 	/System/Library/Frameworks/OpenGL.framework/Versions/A/Libraries/libGLU.dylib
0x00007fff60240000 	/System/Library/Frameworks/OpenGL.framework/Versions/A/Libraries/libGFXShared.dylib
0x00007fff6024a000 	/System/Library/Frameworks/OpenGL.framework/Versions/A/Libraries/libGL.dylib
0x00007fff60256000 	/System/Library/Frameworks/OpenGL.framework/Versions/A/Libraries/libGLImage.dylib
0x00007fff60232000 	/System/Library/Frameworks/OpenGL.framework/Versions/A/Libraries/libCVMSPluginSupport.dylib
0x00007fff6023b000 	/System/Library/Frameworks/OpenGL.framework/Versions/A/Libraries/libCoreVMClient.dylib
0x00007fff7ce94000 	/usr/lib/libcups.2.dylib
0x00007fff5a601000 	/System/Library/Frameworks/Kerberos.framework/Versions/A/Kerberos
0x00007fff58dc7000 	/System/Library/Frameworks/GSS.framework/Versions/A/GSS
0x00007fff7df98000 	/usr/lib/libresolv.9.dylib
0x00007fff7d092000 	/usr/lib/libiconv.2.dylib
0x00007fff70149000 	/System/Library/PrivateFrameworks/Heimdal.framework/Versions/A/Heimdal
0x00007fff7d061000 	/usr/lib/libheimdal-asn1.dylib
0x00007fff5f0a8000 	/System/Library/Frameworks/OpenDirectory.framework/Versions/A/OpenDirectory
0x00007fff68ee9000 	/System/Library/PrivateFrameworks/CommonAuth.framework/Versions/A/CommonAuth
0x00007fff5f08b000 	/System/Library/Frameworks/OpenDirectory.framework/Versions/A/Frameworks/CFOpenDirectory.framework/Versions/A/CFOpenDirectory
0x00007fff629c4000 	/System/Library/Frameworks/SecurityFoundation.framework/Versions/A/SecurityFoundation
0x00007fff65d98000 	/System/Library/PrivateFrameworks/APFS.framework/Versions/A/APFS
0x00007fff7e3cd000 	/usr/lib/libutil.dylib
0x00007fff66c56000 	/System/Library/PrivateFrameworks/AppleSauce.framework/Versions/A/AppleSauce
0x00007fff712b5000 	/System/Library/PrivateFrameworks/LinguisticData.framework/Versions/A/LinguisticData
0x00007fff7d414000 	/usr/lib/libmarisa.dylib
0x00007fff7126f000 	/System/Library/PrivateFrameworks/Lexicon.framework/Versions/A/Lexicon
0x00007fff7c011000 	/usr/lib/libChineseTokenizer.dylib
0x00007fff7c6d6000 	/usr/lib/libcmph.dylib
0x00007fff71179000 	/System/Library/PrivateFrameworks/LanguageModeling.framework/Versions/A/LanguageModeling
0x00007fff699f8000 	/System/Library/PrivateFrameworks/CoreEmoji.framework/Versions/A/CoreEmoji
0x00007fff62a82000 	/System/Library/Frameworks/ServiceManagement.framework/Versions/A/ServiceManagement
0x00007fff674a0000 	/System/Library/PrivateFrameworks/BackgroundTaskManagement.framework/Versions/A/BackgroundTaskManagement
0x00007fff7e4ca000 	/usr/lib/libxslt.1.dylib
0x00007fff55e7f000 	/System/Library/Frameworks/Carbon.framework/Versions/A/Frameworks/Ink.framework/Versions/A/Ink
0x00007fff7a35b000 	/System/Library/PrivateFrameworks/TextureIO.framework/Versions/A/TextureIO
0x00007fff7c4fb000 	/usr/lib/libate.dylib
0x00007fff6aad2000 	/System/Library/PrivateFrameworks/CrashReporterSupport.framework/Versions/A/CrashReporterSupport
0x00007fff776ab000 	/System/Library/PrivateFrameworks/Sharing.framework/Versions/A/Sharing
0x00007fff70eba000 	/System/Library/PrivateFrameworks/IconServices.framework/Versions/A/IconServices
0x00007fff670d0000 	/System/Library/PrivateFrameworks/AuthKit.framework/Versions/A/AuthKit
0x00007fff66a56000 	/System/Library/PrivateFrameworks/Apple80211.framework/Versions/A/Apple80211
0x00007fff6a8e7000 	/System/Library/PrivateFrameworks/CoreUtils.framework/Versions/A/CoreUtils
0x00007fff584c4000 	/System/Library/Frameworks/CoreWLAN.framework/Versions/A/CoreWLAN
0x00007fff58f09000 	/System/Library/Frameworks/IOBluetooth.framework/Versions/A/IOBluetooth
0x00007fff75b6d000 	/System/Library/PrivateFrameworks/ProtocolBuffer.framework/Versions/A/ProtocolBuffer
0x00007fff721c7000 	/System/Library/PrivateFrameworks/MobileKeyBag.framework/Versions/A/MobileKeyBag
0x00007fff6a19c000 	/System/Library/PrivateFrameworks/CorePhoneNumbers.framework/Versions/A/CorePhoneNumbers
0x00007fff66b8e000 	/System/Library/PrivateFrameworks/AppleIDAuthSupport.framework/Versions/A/AppleIDAuthSupport
0x00007fff71165000 	/System/Library/PrivateFrameworks/KeychainCircle.framework/Versions/A/KeychainCircle
0x00007fff6aa6d000 	/System/Library/PrivateFrameworks/CoreWiFi.framework/Versions/A/CoreWiFi
0x00007fff563ca000 	/System/Library/Frameworks/CoreBluetooth.framework/Versions/A/CoreBluetooth
0x00007fff6acbc000 	/System/Library/PrivateFrameworks/DebugSymbols.framework/Versions/A/DebugSymbols
0x00007fff6a69d000 	/System/Library/PrivateFrameworks/CoreSymbolication.framework/Versions/A/CoreSymbolication
0x00007fff79b4c000 	/System/Library/PrivateFrameworks/Symbolication.framework/Versions/A/Symbolication
0x00007fff66a80000 	/System/Library/PrivateFrameworks/AppleFSCompression.framework/Versions/A/AppleFSCompression
0x00007fff78f99000 	/System/Library/PrivateFrameworks/SpeechRecognitionCore.framework/Versions/A/SpeechRecognitionCore
0x0000000105000000 	/Library/Java/JavaVirtualMachines/jdk1.8.0_201.jdk/Contents/Home/jre/lib/server/libjvm.dylib
0x00007fff7e29a000 	/usr/lib/libstdc++.6.0.9.dylib
0x0000000104741000 	/Library/Java/JavaVirtualMachines/jdk1.8.0_201.jdk/Contents/Home/jre/lib/libverify.dylib
0x000000010474f000 	/Library/Java/JavaVirtualMachines/jdk1.8.0_201.jdk/Contents/Home/jre/lib/libjava.dylib
0x00000001047cf000 	/Library/Java/JavaVirtualMachines/jdk1.8.0_201.jdk/Contents/Home/jre/lib/libzip.dylib
0x000000011d759000 	/Library/Java/JavaVirtualMachines/jdk1.8.0_201.jdk/Contents/Home/jre/lib/libnet.dylib
0x000000011eb70000 	/Library/Java/JavaVirtualMachines/jdk1.8.0_201.jdk/Contents/Home/jre/lib/libawt.dylib
0x000000011ec19000 	/Library/Java/JavaVirtualMachines/jdk1.8.0_201.jdk/Contents/Home/jre/lib/./libmlib_image.dylib
0x00007fff5a5ea000 	/System/Library/Frameworks/JavaVM.framework/Versions/A/Frameworks/JavaNativeFoundation.framework/Versions/A/JavaNativeFoundation
0x00007fff5a5f3000 	/System/Library/Frameworks/JavaVM.framework/Versions/A/Frameworks/JavaRuntimeSupport.framework/Versions/A/JavaRuntimeSupport
0x00007fff5a5fc000 	/System/Library/Frameworks/JavaVM.framework/Versions/A/JavaVM
0x00007fff7107b000 	/System/Library/PrivateFrameworks/JavaLaunching.framework/Versions/A/JavaLaunching
0x00007fff55b6a000 	/System/Library/Frameworks/Carbon.framework/Versions/A/Carbon
0x00007fff55b6b000 	/System/Library/Frameworks/Carbon.framework/Versions/A/Frameworks/CommonPanels.framework/Versions/A/CommonPanels
0x00007fff55e75000 	/System/Library/Frameworks/Carbon.framework/Versions/A/Frameworks/Help.framework/Versions/A/Help
0x00007fff55e79000 	/System/Library/Frameworks/Carbon.framework/Versions/A/Frameworks/ImageCapture.framework/Versions/A/ImageCapture
0x00007fff55f15000 	/System/Library/Frameworks/Carbon.framework/Versions/A/Frameworks/OpenScripting.framework/Versions/A/OpenScripting
0x00007fff55f50000 	/System/Library/Frameworks/Carbon.framework/Versions/A/Frameworks/Print.framework/Versions/A/Print
0x00007fff55f52000 	/System/Library/Frameworks/Carbon.framework/Versions/A/Frameworks/SecurityHI.framework/Versions/A/SecurityHI
0x000000011ece5000 	/Library/Java/JavaVirtualMachines/jdk1.8.0_201.jdk/Contents/Home/jre/lib/libawt_lwawt.dylib
0x000000011d683000 	/Library/Java/JavaVirtualMachines/jdk1.8.0_201.jdk/Contents/Home/jre/lib/./libosxapp.dylib
0x00007fff58969000 	/System/Library/Frameworks/ExceptionHandling.framework/Versions/A/ExceptionHandling
0x00007fff6a32f000 	/System/Library/PrivateFrameworks/CoreServicesInternal.framework/Versions/A/CoreServicesInternal
0x00007fff4ede6000 	/System/Library/CoreServices/RawCamera.bundle/Contents/MacOS/RawCamera
0x00007fff72040000 	/System/Library/PrivateFrameworks/MobileAsset.framework/Versions/A/MobileAsset
0x00007fff79453000 	/System/Library/PrivateFrameworks/StreamingZip.framework/Versions/A/StreamingZip
0x00007fff5a990000 	/System/Library/Frameworks/MediaToolbox.framework/Versions/A/MediaToolbox
0x00007fff69637000 	/System/Library/PrivateFrameworks/CoreAVCHD.framework/Versions/A/CoreAVCHD
0x00007fff5a8d9000 	/System/Library/Frameworks/MediaAccessibility.framework/Versions/A/MediaAccessibility
0x00007fff71abb000 	/System/Library/PrivateFrameworks/Mangrove.framework/Versions/A/Mangrove
0x00007fff57862000 	/System/Library/Frameworks/CoreMedia.framework/Versions/A/CoreMedia
0x00007fff63050000 	/System/Library/Frameworks/VideoToolbox.framework/Versions/A/VideoToolbox
0x00007fff6922e000 	/System/Library/PrivateFrameworks/CoreAUC.framework/Versions/A/CoreAUC
0x00007fff7e003000 	/usr/lib/libspindump.dylib
0x00007fff66d4b000 	/System/Library/PrivateFrameworks/AppleVA.framework/Versions/A/AppleVA
0x00007fff52da9000 	/System/Library/Frameworks/Accelerate.framework/Versions/A/Frameworks/vImage.framework/Versions/A/Libraries/libCGInterfaces.dylib
0x00007fff6c07e000 	/System/Library/PrivateFrameworks/FamilyControls.framework/Versions/A/FamilyControls
0x00007fff68edc000 	/System/Library/PrivateFrameworks/CommerceKit.framework/Versions/A/Frameworks/CommerceCore.framework/Versions/A/CommerceCore
0x00007fff79e9b000 	/System/Library/PrivateFrameworks/SystemAdministration.framework/Versions/A/SystemAdministration
0x00007fff66a09000 	/System/Library/PrivateFrameworks/AppContainer.framework/Versions/A/AppContainer
0x00007fff77563000 	/System/Library/PrivateFrameworks/SecCodeWrapper.framework/Versions/A/SecCodeWrapper
0x00007fff6b00a000 	/System/Library/PrivateFrameworks/DiskManagement.framework/Versions/A/DiskManagement
0x00007fff586dd000 	/System/Library/Frameworks/DirectoryService.framework/Versions/A/DirectoryService
0x00007fff6af37000 	/System/Library/PrivateFrameworks/DiskImages.framework/Versions/A/DiskImages
0x00007fff713ac000 	/System/Library/PrivateFrameworks/LoginUIKit.framework/Versions/A/Frameworks/LoginUICore.framework/Versions/A/LoginUICore
0x00007fff7c01d000 	/usr/lib/libCoreStorage.dylib
0x00007fff7ce88000 	/usr/lib/libcsfde.dylib
0x00007fff7decc000 	/usr/lib/libodfde.dylib
0x00007fff71bda000 	/System/Library/PrivateFrameworks/MediaKit.framework/Versions/A/MediaKit
0x00007fff586e9000 	/System/Library/Frameworks/DiscRecording.framework/Versions/A/DiscRecording
0x00007fff6b186000 	/System/Library/PrivateFrameworks/EFILogin.framework/Versions/A/EFILogin
0x00007fff75b15000 	/System/Library/PrivateFrameworks/ProtectedCloudStorage.framework/Versions/A/ProtectedCloudStorage
0x00007fff7cf15000 	/usr/lib/libcurl.4.dylib
0x00007fff7cb5c000 	/usr/lib/libcrypto.35.dylib
0x00007fff7e1f4000 	/usr/lib/libssl.35.dylib
0x00007fff5a61b000 	/System/Library/Frameworks/LDAP.framework/Versions/A/LDAP
0x00007fff7a4c2000 	/System/Library/PrivateFrameworks/TrustEvaluationAgent.framework/Versions/A/TrustEvaluationAgent
0x00007fff7dff0000 	/usr/lib/libsasl2.2.dylib
0x00007fff69881000 	/System/Library/PrivateFrameworks/CoreDaemon.framework/Versions/B/CoreDaemon
0x00007fff66c4d000 	/System/Library/PrivateFrameworks/AppleSRP.framework/Versions/A/AppleSRP
0x000000011f093000 	/Library/Java/JavaVirtualMachines/jdk1.8.0_201.jdk/Contents/Home/jre/lib/libfontmanager.dylib
0x00007fff60dc6000 	/System/Library/Frameworks/OpenGL.framework/Versions/A/Resources/GLEngine.bundle/GLEngine
0x00007fff60292000 	/System/Library/Frameworks/OpenGL.framework/Versions/A/Libraries/libGLProgrammability.dylib
0x0000000120233000 	/System/Library/Extensions/AppleIntelBDWGraphicsGLDriver.bundle/Contents/MacOS/AppleIntelBDWGraphicsGLDriver
0x00007fff6f330000 	/System/Library/PrivateFrameworks/GPUSupport.framework/Versions/A/Libraries/libGPUSupportMercury.dylib
0x00007fff60f5e000 	/System/Library/Frameworks/OpenGL.framework/Versions/A/Resources/GLRendererFloat.bundle/GLRendererFloat
0x00007fff5f027000 	/System/Library/Frameworks/OpenCL.framework/Versions/A/Libraries/libcldcpuengine.dylib
0x00000001216c6000 	/Library/Java/JavaVirtualMachines/jdk1.8.0_201.jdk/Contents/Home/jre/lib/libnio.dylib
0x00000001218d6000 	/private/var/folders/wv/qyx0h1rs4k9dwqlymkk5q7mm0000gn/T/jna-104069058/jna3167036868959865151.tmp
0x000000011e91f000 	/Library/Java/JavaVirtualMachines/jdk1.8.0_201.jdk/Contents/Home/jre/lib/libjsound.dylib
0x00007fff57640000 	/System/Library/Frameworks/CoreMIDI.framework/Versions/A/CoreMIDI
0x00007fff7d02b000 	/usr/lib/libexpat.1.dylib
0x000000011e932000 	/System/Library/Extensions/AppleHDA.kext/Contents/PlugIns/AppleHDAHALPlugIn.bundle/Contents/MacOS/AppleHDAHALPlugIn
0x000000011e945000 	/Library/Java/JavaVirtualMachines/jdk1.8.0_201.jdk/Contents/Home/jre/lib/libmanagement.dylib
0x00000001218eb000 	/Users/mochi/Documents/scherz/native/macosx/x86_64/libscsynth.dylib
0x000000011e959000 	/Users/mochi/Documents/scherz/native/macosx/x86_64/Concat.scx
0x000000011e960000 	/Users/mochi/Documents/scherz/native/macosx/x86_64/BatPVUgens.scx
0x0000000122b4e000 	/Users/mochi/Documents/scherz/native/macosx/x86_64/GrainUGens.scx
0x000000011e968000 	/Users/mochi/Documents/scherz/native/macosx/x86_64/KeyboardUGens.scx
0x0000000122b61000 	/Users/mochi/Documents/scherz/native/macosx/x86_64/PanUGens.scx
0x0000000122b6a000 	/Users/mochi/Documents/scherz/native/macosx/x86_64/DynNoiseUGens.scx
0x0000000122b6f000 	/Users/mochi/Documents/scherz/native/macosx/x86_64/DelayUGens.scx
0x0000000122b9a000 	/Users/mochi/Documents/scherz/native/macosx/x86_64/MulAddUGens.scx
0x0000000122ba1000 	/Users/mochi/Documents/scherz/native/macosx/x86_64/DemandUGens.scx
0x0000000122bac000 	/Users/mochi/Documents/scherz/native/macosx/x86_64/StkUGens.scx
0x0000000122c59000 	/Users/mochi/Documents/scherz/native/macosx/x86_64/BhobFFT.scx
0x0000000122c6c000 	/Users/mochi/Documents/scherz/native/macosx/x86_64/BlackrainUGens.scx
0x0000000122c71000 	/Users/mochi/Documents/scherz/native/macosx/x86_64/MCLDPollUGens.scx
0x0000000122c75000 	/Users/mochi/Documents/scherz/native/macosx/x86_64/JoshUGens.scx
0x0000000122c8f000 	/Users/mochi/Documents/scherz/native/macosx/x86_64/PhysicalModelingUGens.scx
0x0000000122c93000 	/Users/mochi/Documents/scherz/native/macosx/x86_64/DistortionUGens.scx
0x0000000122c97000 	/Users/mochi/Documents/scherz/native/macosx/x86_64/VBAP.scx
0x0000000122c9d000 	/Users/mochi/Documents/scherz/native/macosx/x86_64/FFT_UGens.scx
0x0000000122cbd000 	/Users/mochi/Documents/scherz/native/macosx/x86_64/LadspaUGen.scx
0x0000000122cc1000 	/Users/mochi/Documents/scherz/native/macosx/x86_64/MCLDChaosUGens.scx
0x0000000122cc7000 	/Users/mochi/Documents/scherz/native/macosx/x86_64/BatUGens.scx
0x0000000122ccc000 	/Users/mochi/Documents/scherz/native/macosx/x86_64/SummerUGens.scx
0x0000000122cd1000 	/Users/mochi/Documents/scherz/native/macosx/x86_64/TagSystemUgens.scx
0x0000000122cd7000 	/Users/mochi/Documents/scherz/native/macosx/x86_64/FilterUGens.scx
0x0000000122cf3000 	/Users/mochi/Documents/scherz/native/macosx/x86_64/ML_UGens.scx
0x0000000122d26000 	/Users/mochi/Documents/scherz/native/macosx/x86_64/MCLDTreeUGens.scx
0x0000000122d2b000 	/Users/mochi/Documents/scherz/native/macosx/x86_64/JoshGrainUGens.scx
0x0000000122d56000 	/Users/mochi/Documents/scherz/native/macosx/x86_64/MCLDCepstrumUGens.scx
0x0000000122d66000 	/Users/mochi/Documents/scherz/native/macosx/x86_64/AmbisonicUGens.scx
0x0000000122d6c000 	/Users/mochi/Documents/scherz/native/macosx/x86_64/ChaosUGens.scx
0x0000000122d75000 	/Users/mochi/Documents/scherz/native/macosx/x86_64/MouseUGens.scx
0x0000000122d7b000 	/Users/mochi/Documents/scherz/native/macosx/x86_64/JoshPVUGens.scx
0x0000000122d98000 	/Users/mochi/Documents/scherz/native/macosx/x86_64/BBCut2UGens.scx
0x0000000122da0000 	/Users/mochi/Documents/scherz/native/macosx/x86_64/RFWUGens.scx
0x0000000122da4000 	/Users/mochi/Documents/scherz/native/macosx/x86_64/DiskIO_UGens.scx
0x0000000122e1a000 	/Users/mochi/Documents/scherz/native/macosx/x86_64/TestUGens.scx
0x0000000122e1e000 	/Users/mochi/Documents/scherz/native/macosx/x86_64/BerlachUGens.scx
0x0000000122e2f000 	/Users/mochi/Documents/scherz/native/macosx/x86_64/UnaryOpUGens.scx
0x0000000122e45000 	/Users/mochi/Documents/scherz/native/macosx/x86_64/MCLDDistortionUGens.scx
0x0000000122e49000 	/Users/mochi/Documents/scherz/native/macosx/x86_64/MCLDGetenvUGen.scx
0x0000000122e4d000 	/Users/mochi/Documents/scherz/native/macosx/x86_64/LoopBuf.scx
0x0000000122e52000 	/Users/mochi/Documents/scherz/native/macosx/x86_64/AtkUGens.scx
0x0000000122e6b000 	/Users/mochi/Documents/scherz/native/macosx/x86_64/PitchDetection.scx
0x0000000122e72000 	/Users/mochi/Documents/scherz/native/macosx/x86_64/LFUGens.scx
0x0000000122e85000 	/Users/mochi/Documents/scherz/native/macosx/x86_64/BetablockerUGens.scx
0x0000000122e8d000 	/Users/mochi/Documents/scherz/native/macosx/x86_64/UnpackFFTUGens.scx
0x0000000122e99000 	/Users/mochi/Documents/scherz/native/macosx/x86_64/PV_ThirdParty.scx
0x0000000122ead000 	/Users/mochi/Documents/scherz/native/macosx/x86_64/VOSIM.scx
0x0000000122eb2000 	/Users/mochi/Documents/scherz/native/macosx/x86_64/BhobChaos.scx
0x0000000122ebd000 	/Users/mochi/Documents/scherz/native/macosx/x86_64/MCLDBufferUGens.scx
0x0000000122ec2000 	/Users/mochi/Documents/scherz/native/macosx/x86_64/OscUGens.scx
0x0000000122ed2000 	/Users/mochi/Documents/scherz/native/macosx/x86_64/MCLDFilterUGens.scx
0x0000000122ed6000 	/Users/mochi/Documents/scherz/native/macosx/x86_64/GlitchUGens.scx
0x0000000122edb000 	/Users/mochi/Documents/scherz/native/macosx/x86_64/BhobNoise.scx
0x0000000122ee4000 	/Users/mochi/Documents/scherz/native/macosx/x86_64/MCLDFFTUGens.scx
0x0000000122ef9000 	/Users/mochi/Documents/scherz/native/macosx/x86_64/MdaUGens.scx
0x000000012301b000 	/Users/mochi/Documents/scherz/native/macosx/x86_64/NoiseUGens.scx
0x0000000123022000 	/Users/mochi/Documents/scherz/native/macosx/x86_64/MCLDOscUGens.scx
0x0000000123026000 	/Users/mochi/Documents/scherz/native/macosx/x86_64/MembraneUGens.scx
0x000000012302b000 	/Users/mochi/Documents/scherz/native/macosx/x86_64/JoshAmbiUGens.scx
0x0000000123038000 	/Users/mochi/Documents/scherz/native/macosx/x86_64/BhobGrain.scx
0x000000012303f000 	/Users/mochi/Documents/scherz/native/macosx/x86_64/BinaryOpUGens.scx
0x0000000123068000 	/Users/mochi/Documents/scherz/native/macosx/x86_64/IOUGens.scx
0x0000000123070000 	/Users/mochi/Documents/scherz/native/macosx/x86_64/TriggerUGens.scx
0x000000012307c000 	/Users/mochi/Documents/scherz/native/macosx/x86_64/RMEQSuite.scx
0x0000000123084000 	/Users/mochi/Documents/scherz/native/macosx/x86_64/MCLDTriggeredStatsUgens.scx
0x0000000123088000 	/Users/mochi/Documents/scherz/native/macosx/x86_64/AY_UGen.scx
0x000000012308f000 	/Users/mochi/Documents/scherz/native/macosx/x86_64/MCLDSOMUGens.scx
0x0000000123095000 	/Users/mochi/Documents/scherz/native/macosx/x86_64/TJUGens.scx
0x000000012309f000 	/Users/mochi/Documents/scherz/native/macosx/x86_64/GendynUGens.scx
0x00000001230a4000 	/Users/mochi/Documents/scherz/native/macosx/x86_64/NCAnalysisUGens.scx
0x00000001230c3000 	/Users/mochi/Documents/scherz/native/macosx/x86_64/ReverbUGens.scx
0x00000001230cb000 	/Users/mochi/Documents/scherz/native/macosx/x86_64/SLUGens.scx
0x00000001230da000 	/Users/mochi/Documents/scherz/native/macosx/x86_64/BhobFilt.scx

VM Arguments:
jvm_args: -Dfile.encoding=UTF-8 -XX:-OmitStackTraceInFastThrow -XX:+TieredCompilation -XX:TieredStopAtLevel=1 -Dclojure.compile.path=/Users/mochi/Documents/scherz/target/classes -Dscherz.version=1.0.0 -Dclojure.debug=false -Djava.library.path=/Users/mochi/Documents/scherz/native/macosx/x86_64 
java_command: clojure.main -i /private/var/folders/wv/qyx0h1rs4k9dwqlymkk5q7mm0000gn/T/form-init6886431442762253007.clj
java_class_path (initial): /Users/mochi/Documents/scherz/test:/Users/mochi/Documents/scherz/src:/Users/mochi/Documents/scherz/dev-resources:/Users/mochi/Documents/scherz/resources:/Users/mochi/Documents/scherz/target/classes:/Users/mochi/.m2/repository/org/clojure/math.combinatorics/0.1.6/math.combinatorics-0.1.6.jar:/Users/mochi/.m2/repository/clojure-complete/clojure-complete/0.2.5/clojure-complete-0.2.5.jar:/Users/mochi/.m2/repository/overtone/scsynth-extras/3.5.7.0/scsynth-extras-3.5.7.0.jar:/Users/mochi/.m2/repository/overtone/at-at/1.2.0/at-at-1.2.0.jar:/Users/mochi/.m2/repository/nrepl/nrepl/0.6.0/nrepl-0.6.0.jar:/Users/mochi/.m2/repository/overtone/byte-spec/0.3.1/byte-spec-0.3.1.jar:/Users/mochi/.m2/repository/overtone/osc-clj/0.9.0/osc-clj-0.9.0.jar:/Users/mochi/.m2/repository/org/clojure/clojure/1.9.0/clojure-1.9.0.jar:/Users/mochi/.m2/repository/overtone/libs.handlers/0.2.0/libs.handlers-0.2.0.jar:/Users/mochi/.m2/repository/org/clojure/core.specs.alpha/0.1.24/core.specs.alpha-0.1.24.jar:/Users/mochi/.m2/repository/overtone/overtone/0.10.3/overtone-0.10.3.jar:/Users/mochi/.m2/repository/overtone/scsynth/3.5.7.0/scsynth-3.5.7.0.jar:/Users/mochi/.m2/repository/commons-net/commons-net/3.0.1/commons-net-3.0.1.jar:/Users/mochi/.m2/repository/cider/cider-nrepl/0.21.1/cider-nrepl-0.21.1.jar:/Users/mochi/.m2/repository/javax/jmdns/jmdns/3.4.1/jmdns-3.4.1.jar:/Users/mochi/.m2/repository/org/clojure/data.json/0.2.6/data.json-0.2.6.jar:/Users/mochi/.m2/repository/net/java/dev/jna/jna/4.1.0/jna-4.1.0.jar:/Users/mochi/.m2/repository/clj-glob/clj-glob/1.0.0/clj-glob-1.0.0.jar:/Users/mochi/.m2/repository/overtone/midi-clj/0.5.0/midi-clj-0.5.0.jar:/Users/mochi/.m2/repository/clj-native/clj-native/0.9.5/clj-native-0.9.5.jar:/Users/mochi/.m2/repository/org/clojure/spec.alpha/0.1.143/spec.alpha-0.1.143.jar
Launcher Type: SUN_STANDARD

Environment Variables:
CLASSPATH=/Users/mochi/.lein/self-installs/leiningen-2.9.1-standalone.jar
PATH=/Users/mochi/.rvm/gems/ruby-2.6.3/bin:/Users/mochi/.rvm/gems/ruby-2.6.3@global/bin:/Users/mochi/.rvm/rubies/ruby-2.6.3/bin:/anaconda3/bin:/usr/local/bin:/usr/bin:/bin:/usr/sbin:/sbin:/Library/TeX/texbin:/usr/local/share/dotnet:~/.dotnet/tools:/Library/Frameworks/Mono.framework/Versions/Current/Commands:/Applications/Postgres.app/Contents/Versions/latest/bin:/Users/mochi/.rvm/gems/ruby-2.6.3/bin:/Users/mochi/.rvm/gems/ruby-2.6.3@global/bin:/Users/mochi/.rvm/rubies/ruby-2.6.3/bin:/anaconda3/bin:/Applications/Emacs.app/Contents/MacOS/bin-x86_64-10_10:/Applications/Emacs.app/Contents/MacOS/libexec-x86_64-10_10:/Users/mochi/.rvm/bin
SHELL=/bin/bash
DISPLAY=Lees-Air.home

Signal Handlers:
SIGSEGV: [libjvm.dylib+0x5b723d], sa_mask[0]=11111111011111110111111111111111, sa_flags=SA_ONSTACK|SA_RESTART|SA_SIGINFO
SIGBUS: [libjvm.dylib+0x5b723d], sa_mask[0]=11111111011111110111111111111111, sa_flags=SA_RESTART|SA_SIGINFO
SIGFPE: [libjvm.dylib+0x48c9bc], sa_mask[0]=11111111011111110111111111111111, sa_flags=SA_RESTART|SA_SIGINFO
SIGPIPE: [libjvm.dylib+0x48c9bc], sa_mask[0]=11111111011111110111111111111111, sa_flags=SA_RESTART|SA_SIGINFO
SIGXFSZ: [libjvm.dylib+0x48c9bc], sa_mask[0]=11111111011111110111111111111111, sa_flags=SA_RESTART|SA_SIGINFO
SIGILL: [libjvm.dylib+0x48c9bc], sa_mask[0]=11111111011111110111111111111111, sa_flags=SA_RESTART|SA_SIGINFO
SIGUSR1: SIG_DFL, sa_mask[0]=11011111011111100000000111000110, sa_flags=none
SIGUSR2: [libjvm.dylib+0x48c4da], sa_mask[0]=00100000000000000000000000000000, sa_flags=SA_RESTART|SA_SIGINFO
SIGHUP: [libjvm.dylib+0x48aa65], sa_mask[0]=11111111011111110111111111111111, sa_flags=SA_RESTART|SA_SIGINFO
SIGINT: [libjvm.dylib+0x48aa65], sa_mask[0]=11111111011111110111111111111111, sa_flags=SA_RESTART|SA_SIGINFO
SIGTERM: [libjvm.dylib+0x48aa65], sa_mask[0]=11111111011111110111111111111111, sa_flags=SA_RESTART|SA_SIGINFO
SIGQUIT: [libjvm.dylib+0x48aa65], sa_mask[0]=11111111011111110111111111111111, sa_flags=SA_RESTART|SA_SIGINFO


---------------  S Y S T E M  ---------------

OS:Bsduname:Darwin 17.7.0 Darwin Kernel Version 17.7.0: Thu Jun 21 22:53:14 PDT 2018; root:xnu-4570.71.2~1/RELEASE_X86_64 x86_64
rlimit: STACK 9788k, CORE 0k, NPROC 709, NOFILE 10240, AS infinity
load average:2.34 2.65 2.56

CPU:total 4 (initial active 4) (2 cores per cpu, 2 threads per core) family 6 model 61 stepping 4, cmov, cx8, fxsr, mmx, sse, sse2, sse3, ssse3, sse4.1, sse4.2, popcnt, avx, avx2, aes, clmul, erms, rtm, 3dnowpref, lzcnt, ht, tsc, tscinvbit, bmi1, bmi2, adx

Memory: 4k page, physical 8388608k(78408k free)

/proc/meminfo:


vm_info: Java HotSpot(TM) 64-Bit Server VM (25.201-b09) for bsd-amd64 JRE (1.8.0_201-b09), built on Dec 15 2018 18:35:23 by "java_re" with gcc 4.2.1 (Based on Apple Inc. build 5658) (LLVM build 2336.11.00)

time: Thu Jan 30 23:34:28 2020
timezone: EST
elapsed time: 20785 seconds (0d 5h 46m 25s)

