#
# A fatal error has been detected by the Java Runtime Environment:
#
#  SIGBUS (0xa) at pc=0x0000000127f6eaa3, pid=16449, tid=0x000000000000f103
#
# JRE version: Java(TM) SE Runtime Environment (8.0_201-b09) (build 1.8.0_201-b09)
# Java VM: Java HotSpot(TM) 64-Bit Server VM (25.201-b09 mixed mode bsd-amd64 compressed oops)
# Problematic frame:
# C  [MdaUGens.scx+0x1aa3]  MdaPiano_next+0x663
#
# Failed to write core dump. Core dumps have been disabled. To enable core dumping, try "ulimit -c unlimited" before starting Java again
#
# If you would like to submit a bug report, please visit:
#   http://bugreport.java.com/bugreport/crash.jsp
#

---------------  T H R E A D  ---------------

Current thread is native thread

siginfo: si_signo: 10 (SIGBUS), si_code: 2 (BUS_ADRERR), si_addr: 0x000000011d757596

Registers:
RAX=0x000000000000002f, RBX=0x0000000000000012, RCX=0x0000000127f6f040, RDX=0x0000000000000000
RSP=0x0000700008045a50, RBP=0x0000700008045ad0, RSI=0xfffffffffabf42ab, RDI=0x0000000000000000
R8 =0x0000000128172ae0, R9 =0x0000000000000000, R10=0x0000000000000000, R11=0x0000000000000009
R12=0x00007fb301d8f744, R13=0x0000000128172db4, R14=0x0000000128172f2c, R15=0x00007fb301d8f644
RIP=0x0000000127f6eaa3, EFLAGS=0x0000000000010286, ERR=0x0000000000000004
  TRAPNO=0x000000000000000e

Top of Stack: (sp=0x0000700008045a50)
0x0000700008045a50:   0000700008045ab0 0000000127f6e9d3
0x0000700008045a60:   3c03126f00000000 3e4ccccd3f4ccccd
0x0000700008045a70:   00000040c91e663a 3fbbf4883f800000
0x0000700008045a80:   000000013f4ccccd 404cccce3f800000
0x0000700008045a90:   00007fb305515ce8 0000000128173380
0x0000700008045aa0:   000000013d23d70b 0000000000000001
0x0000700008045ab0:   0000000128172aa0 0000000000000001
0x0000700008045ac0:   0000000000000000 0000000128172a68
0x0000700008045ad0:   e097dda0d0a4da44 0000000126bedd01
0x0000700008045ae0:   0000000000000000 4530000000000000
0x0000700008045af0:   4330000000000000 0000000000139032
0x0000700008045b00:   000000013816f414 0000000126bf1907
0x0000700008045b10:   0000000128171e00 0000000126bf1907
0x0000700008045b20:   0000000000000000 0000000126bf1907
0x0000700008045b30:   0000000128164280 0000000126bf1907
0x0000700008045b40:   0000000128164480 0000000126bf1907
0x0000700008045b50:   0000000000000000 0000000126bf1907
0x0000700008045b60:   00007fb302269600 0000000126becef1
0x0000700008045b70:   0003c368d0b197a2 0101000000000000
0x0000700008045b80:   00000000005f1be2 0000000800000000
0x0000700008045b90:   00007fb30526e690 000000c000000002
0x0000700008045ba0:   e097dda0d22149cc 1f68225f2e3dd216
0x0000700008045bb0:   fffffff700000000 0000000000000040
0x0000700008045bc0:   000000010ddd50e0 3ee5888000000000
0x0000700008045bd0:   0000000000000200 0000000000000200
0x0000700008045be0:   0000000100000001 1f68225f2e9cedf8
0x0000700008045bf0:   e097dda0d1c22dea 00007fb30523bd01
0x0000700008045c00:   00000008fffffff7 0000000000000040
0x0000700008045c10:   00007fb305517660 000000010ddbd000
0x0000700008045c20:   00007fb305515c70 000000010de23000
0x0000700008045c30:   0000008008045c60 0000000000000100
0x0000700008045c40:   0000000000000100 0000000000000008 

Instructions: (pc=0x0000000127f6eaa3)
0x0000000127f6ea83:   75 7c 0f b7 d2 41 89 55 78 41 3b b5 80 00 00 00
0x0000000127f6ea93:   7e 0b 41 2b b5 84 00 00 00 41 89 75 7c 48 63 f6
0x0000000127f6eaa3:   0f bf 3c 71 ff c6 48 63 f6 0f bf 34 71 29 fe 0f
0x0000000127f6eab3:   af f2 c1 fe 10 01 fe f3 0f 2a d6 f3 41 0f 10 9d 

Register to memory mapping:

RAX=0x000000000000002f is an unknown value
RBX=0x0000000000000012 is an unknown value
RCX=0x0000000127f6f040: pianoData+0 in /Users/mochi/Documents/recurse/overtone/native/macosx/x86_64/MdaUGens.scx at 0x0000000127f6d000
RDX=0x0000000000000000 is an unknown value
RSP=0x0000700008045a50 is an unknown value
RBP=0x0000700008045ad0 is an unknown value
RSI=0xfffffffffabf42ab is an unknown value
RDI=0x0000000000000000 is an unknown value
R8 =0x0000000128172ae0 is an unknown value
R9 =0x0000000000000000 is an unknown value
R10=0x0000000000000000 is an unknown value
R11=0x0000000000000009 is an unknown value
R12=0x00007fb301d8f744 is an unknown value
R13=0x0000000128172db4 is an unknown value
R14=0x0000000128172f2c is an unknown value
R15=0x00007fb301d8f644 is an unknown value


Stack: [0x0000700007fc6000,0x0000700008046000],  sp=0x0000700008045a50,  free space=510k
Native frames: (J=compiled Java code, j=interpreted, Vv=VM code, C=native code)
C  [MdaUGens.scx+0x1aa3]  MdaPiano_next+0x663


---------------  P R O C E S S  ---------------

VM state:not at safepoint (normal execution)

VM Mutex/Monitor currently owned by a thread: None

heap address: 0x0000000740000000, size: 2048 MB, Compressed Oops mode: Zero based, Oop shift amount: 3
Narrow klass base: 0x0000000000000000, Narrow klass shift: 3
Compressed class space size: 1073741824 Address: 0x00000007c0000000

Heap:
 PSYoungGen      total 635392K, used 359112K [0x0000000795580000, 0x00000007bec00000, 0x00000007c0000000)
  eden space 628736K, 56% used [0x0000000795580000,0x00000007aae32140,0x00000007bbb80000)
  from space 6656K, 92% used [0x00000007bd880000,0x00000007bde80020,0x00000007bdf00000)
  to   space 13312K, 0% used [0x00000007bdf00000,0x00000007bdf00000,0x00000007bec00000)
 ParOldGen       total 130048K, used 61555K [0x0000000740000000, 0x0000000747f00000, 0x0000000795580000)
  object space 130048K, 47% used [0x0000000740000000,0x0000000743c1ce70,0x0000000747f00000)
 Metaspace       used 54650K, capacity 72498K, committed 72576K, reserved 1101824K
  class space    used 14572K, capacity 20575K, committed 20608K, reserved 1048576K

Card table byte_map: [0x000000010b5b9000,0x000000010b9ba000] byte_map_base: 0x0000000107bb9000

Marking Bits: (ParMarkBitMap*) 0x000000010aafbe40
 Begin Bits: [0x000000011d760000, 0x000000011f760000)
 End Bits:   [0x000000011f760000, 0x0000000121760000)

Polling page: 0x00000001099dd000

CodeCache: size=245760Kb used=13542Kb max_used=13542Kb free=232217Kb
 bounds [0x000000010e760000, 0x000000010f4a0000, 0x000000011d760000]
 total_blobs=6488 nmethods=5930 adapters=471
 compilation: enabled

Compilation events (10 events):
Event: 1857.889 Thread 0x00007fb301835000 5949       1       java.util.IdentityHashMap$ValueIterator::<init> (6 bytes)
Event: 1857.889 Thread 0x00007fb301835000 nmethod 5949 0x000000010f498e50 code [0x000000010f498fc0, 0x000000010f499108]
Event: 1857.890 Thread 0x00007fb301835000 5950       1       java.util.IdentityHashMap$ValueIterator::<init> (12 bytes)
Event: 1857.890 Thread 0x00007fb301835000 nmethod 5950 0x000000010f4991d0 code [0x000000010f499340, 0x000000010f499488]
Event: 1857.890 Thread 0x00007fb301835000 5951       1       java.util.IdentityHashMap$IdentityHashMapIterator::<init> (6 bytes)
Event: 1857.891 Thread 0x00007fb301835000 nmethod 5951 0x000000010f499510 code [0x000000010f499680, 0x000000010f4997a8]
Event: 1857.891 Thread 0x00007fb301835000 5952       1       java.util.IdentityHashMap$IdentityHashMapIterator::<init> (63 bytes)
Event: 1857.891 Thread 0x00007fb301835000 nmethod 5952 0x000000010f499810 code [0x000000010f499980, 0x000000010f499b30]
Event: 1857.892 Thread 0x00007fb301835000 5953       1       java.awt.AWTEvent::<init> (81 bytes)
Event: 1857.892 Thread 0x00007fb301835000 nmethod 5953 0x000000010f499c10 code [0x000000010f499da0, 0x000000010f49a0a8]

GC Heap History (10 events):
Event: 228.693 GC heap before
{Heap before GC invocations=22 (full 3):
 PSYoungGen      total 675840K, used 658112K [0x0000000795580000, 0x00000007bfe00000, 0x00000007c0000000)
  eden space 654336K, 100% used [0x0000000795580000,0x00000007bd480000,0x00000007bd480000)
  from space 21504K, 17% used [0x00000007be900000,0x00000007becb0020,0x00000007bfe00000)
  to   space 20992K, 0% used [0x00000007bd480000,0x00000007bd480000,0x00000007be900000)
 ParOldGen       total 130048K, used 61523K [0x0000000740000000, 0x0000000747f00000, 0x0000000795580000)
  object space 130048K, 47% used [0x0000000740000000,0x0000000743c14e70,0x0000000747f00000)
 Metaspace       used 54341K, capacity 72008K, committed 72192K, reserved 1101824K
  class space    used 14476K, capacity 20431K, committed 20480K, reserved 1048576K
Event: 228.698 GC heap after
Heap after GC invocations=22 (full 3):
 PSYoungGen      total 675328K, used 3664K [0x0000000795580000, 0x00000007bff80000, 0x00000007c0000000)
  eden space 654336K, 0% used [0x0000000795580000,0x0000000795580000,0x00000007bd480000)
  from space 20992K, 17% used [0x00000007bd480000,0x00000007bd814030,0x00000007be900000)
  to   space 20992K, 0% used [0x00000007beb00000,0x00000007beb00000,0x00000007bff80000)
 ParOldGen       total 130048K, used 61531K [0x0000000740000000, 0x0000000747f00000, 0x0000000795580000)
  object space 130048K, 47% used [0x0000000740000000,0x0000000743c16e70,0x0000000747f00000)
 Metaspace       used 54341K, capacity 72008K, committed 72192K, reserved 1101824K
  class space    used 14476K, capacity 20431K, committed 20480K, reserved 1048576K
}
Event: 231.679 GC heap before
{Heap before GC invocations=23 (full 3):
 PSYoungGen      total 675328K, used 658000K [0x0000000795580000, 0x00000007bff80000, 0x00000007c0000000)
  eden space 654336K, 100% used [0x0000000795580000,0x00000007bd480000,0x00000007bd480000)
  from space 20992K, 17% used [0x00000007bd480000,0x00000007bd814030,0x00000007be900000)
  to   space 20992K, 0% used [0x00000007beb00000,0x00000007beb00000,0x00000007bff80000)
 ParOldGen       total 130048K, used 61531K [0x0000000740000000, 0x0000000747f00000, 0x0000000795580000)
  object space 130048K, 47% used [0x0000000740000000,0x0000000743c16e70,0x0000000747f00000)
 Metaspace       used 54341K, capacity 72008K, committed 72192K, reserved 1101824K
  class space    used 14476K, capacity 20431K, committed 20480K, reserved 1048576K
Event: 231.685 GC heap after
Heap after GC invocations=23 (full 3):
 PSYoungGen      total 677376K, used 3648K [0x0000000795580000, 0x00000007bff00000, 0x00000007c0000000)
  eden space 656896K, 0% used [0x0000000795580000,0x0000000795580000,0x00000007bd700000)
  from space 20480K, 17% used [0x00000007beb00000,0x00000007bee90020,0x00000007bff00000)
  to   space 20480K, 0% used [0x00000007bd700000,0x00000007bd700000,0x00000007beb00000)
 ParOldGen       total 130048K, used 61531K [0x0000000740000000, 0x0000000747f00000, 0x0000000795580000)
  object space 130048K, 47% used [0x0000000740000000,0x0000000743c16e70,0x0000000747f00000)
 Metaspace       used 54341K, capacity 72008K, committed 72192K, reserved 1101824K
  class space    used 14476K, capacity 20431K, committed 20480K, reserved 1048576K
}
Event: 234.682 GC heap before
{Heap before GC invocations=24 (full 3):
 PSYoungGen      total 677376K, used 660544K [0x0000000795580000, 0x00000007bff00000, 0x00000007c0000000)
  eden space 656896K, 100% used [0x0000000795580000,0x00000007bd700000,0x00000007bd700000)
  from space 20480K, 17% used [0x00000007beb00000,0x00000007bee90020,0x00000007bff00000)
  to   space 20480K, 0% used [0x00000007bd700000,0x00000007bd700000,0x00000007beb00000)
 ParOldGen       total 130048K, used 61531K [0x0000000740000000, 0x0000000747f00000, 0x0000000795580000)
  object space 130048K, 47% used [0x0000000740000000,0x0000000743c16e70,0x0000000747f00000)
 Metaspace       used 54341K, capacity 72008K, committed 72192K, reserved 1101824K
  class space    used 14476K, capacity 20431K, committed 20480K, reserved 1048576K
Event: 234.687 GC heap after
Heap after GC invocations=24 (full 3):
 PSYoungGen      total 677376K, used 3648K [0x0000000795580000, 0x00000007bff00000, 0x00000007c0000000)
  eden space 656896K, 0% used [0x0000000795580000,0x0000000795580000,0x00000007bd700000)
  from space 20480K, 17% used [0x00000007bd700000,0x00000007bda90020,0x00000007beb00000)
  to   space 19968K, 0% used [0x00000007beb80000,0x00000007beb80000,0x00000007bff00000)
 ParOldGen       total 130048K, used 61539K [0x0000000740000000, 0x0000000747f00000, 0x0000000795580000)
  object space 130048K, 47% used [0x0000000740000000,0x0000000743c18e70,0x0000000747f00000)
 Metaspace       used 54341K, capacity 72008K, committed 72192K, reserved 1101824K
  class space    used 14476K, capacity 20431K, committed 20480K, reserved 1048576K
}
Event: 776.307 GC heap before
{Heap before GC invocations=25 (full 3):
 PSYoungGen      total 677376K, used 660544K [0x0000000795580000, 0x00000007bff00000, 0x00000007c0000000)
  eden space 656896K, 100% used [0x0000000795580000,0x00000007bd700000,0x00000007bd700000)
  from space 20480K, 17% used [0x00000007bd700000,0x00000007bda90020,0x00000007beb00000)
  to   space 19968K, 0% used [0x00000007beb80000,0x00000007beb80000,0x00000007bff00000)
 ParOldGen       total 130048K, used 61539K [0x0000000740000000, 0x0000000747f00000, 0x0000000795580000)
  object space 130048K, 47% used [0x0000000740000000,0x0000000743c18e70,0x0000000747f00000)
 Metaspace       used 54418K, capacity 72132K, committed 72192K, reserved 1101824K
  class space    used 14501K, capacity 20455K, committed 20480K, reserved 1048576K
Event: 776.319 GC heap after
Heap after GC invocations=25 (full 3):
 PSYoungGen      total 675840K, used 7072K [0x0000000795580000, 0x00000007bfc80000, 0x00000007c0000000)
  eden space 658432K, 0% used [0x0000000795580000,0x0000000795580000,0x00000007bd880000)
  from space 17408K, 40% used [0x00000007beb80000,0x00000007bf268020,0x00000007bfc80000)
  to   space 18432K, 0% used [0x00000007bd880000,0x00000007bd880000,0x00000007bea80000)
 ParOldGen       total 130048K, used 61547K [0x0000000740000000, 0x0000000747f00000, 0x0000000795580000)
  object space 130048K, 47% used [0x0000000740000000,0x0000000743c1ae70,0x0000000747f00000)
 Metaspace       used 54418K, capacity 72132K, committed 72192K, reserved 1101824K
  class space    used 14501K, capacity 20455K, committed 20480K, reserved 1048576K
}
Event: 1718.516 GC heap before
{Heap before GC invocations=26 (full 3):
 PSYoungGen      total 675840K, used 665504K [0x0000000795580000, 0x00000007bfc80000, 0x00000007c0000000)
  eden space 658432K, 100% used [0x0000000795580000,0x00000007bd880000,0x00000007bd880000)
  from space 17408K, 40% used [0x00000007beb80000,0x00000007bf268020,0x00000007bfc80000)
  to   space 18432K, 0% used [0x00000007bd880000,0x00000007bd880000,0x00000007bea80000)
 ParOldGen       total 130048K, used 61547K [0x0000000740000000, 0x0000000747f00000, 0x0000000795580000)
  object space 130048K, 47% used [0x0000000740000000,0x0000000743c1ae70,0x0000000747f00000)
 Metaspace       used 54570K, capacity 72402K, committed 72576K, reserved 1101824K
  class space    used 14547K, capacity 20543K, committed 20608K, reserved 1048576K
Event: 1718.537 GC heap after
Heap after GC invocations=26 (full 3):
 PSYoungGen      total 635392K, used 6144K [0x0000000795580000, 0x00000007bec00000, 0x00000007c0000000)
  eden space 628736K, 0% used [0x0000000795580000,0x0000000795580000,0x00000007bbb80000)
  from space 6656K, 92% used [0x00000007bd880000,0x00000007bde80020,0x00000007bdf00000)
  to   space 13312K, 0% used [0x00000007bdf00000,0x00000007bdf00000,0x00000007bec00000)
 ParOldGen       total 130048K, used 61555K [0x0000000740000000, 0x0000000747f00000, 0x0000000795580000)
  object space 130048K, 47% used [0x0000000740000000,0x0000000743c1ce70,0x0000000747f00000)
 Metaspace       used 54570K, capacity 72402K, committed 72576K, reserved 1101824K
  class space    used 14547K, capacity 20543K, committed 20608K, reserved 1048576K
}

Deoptimization events (0 events):
No events

Classes redefined (0 events):
No events

Internal exceptions (10 events):
Event: 1795.164 Thread 0x00007fb301d7c000 Exception <a 'java/lang/ClassNotFoundException': > (0x0000000796df7d60) thrown at [/Users/java_re/workspace/8-2-build-macosx-x86_64/jdk8u201/12322/hotspot/src/share/vm/prims/jni.cpp, line 735]
Event: 1795.164 Thread 0x00007fb301d7c000 Exception <a 'java/lang/ClassNotFoundException': > (0x0000000796df8e08) thrown at [/Users/java_re/workspace/8-2-build-macosx-x86_64/jdk8u201/12322/hotspot/src/share/vm/prims/jni.cpp, line 735]
Event: 1795.164 Thread 0x00007fb301d7c000 Exception <a 'java/lang/ClassNotFoundException': > (0x0000000796df9c40) thrown at [/Users/java_re/workspace/8-2-build-macosx-x86_64/jdk8u201/12322/hotspot/src/share/vm/prims/jni.cpp, line 735]
Event: 1795.164 Thread 0x00007fb301d7c000 Exception <a 'java/lang/ClassNotFoundException': > (0x0000000796dface8) thrown at [/Users/java_re/workspace/8-2-build-macosx-x86_64/jdk8u201/12322/hotspot/src/share/vm/prims/jni.cpp, line 735]
Event: 1795.164 Thread 0x00007fb301d7c000 Exception <a 'java/lang/ClassNotFoundException': > (0x0000000796dfba10) thrown at [/Users/java_re/workspace/8-2-build-macosx-x86_64/jdk8u201/12322/hotspot/src/share/vm/prims/jni.cpp, line 735]
Event: 1795.164 Thread 0x00007fb301d7c000 Exception <a 'java/lang/ClassNotFoundException': > (0x0000000796dfc9a8) thrown at [/Users/java_re/workspace/8-2-build-macosx-x86_64/jdk8u201/12322/hotspot/src/share/vm/prims/jni.cpp, line 735]
Event: 1795.164 Thread 0x00007fb301d7c000 Exception <a 'java/lang/ClassNotFoundException': > (0x0000000796dfd570) thrown at [/Users/java_re/workspace/8-2-build-macosx-x86_64/jdk8u201/12322/hotspot/src/share/vm/prims/jni.cpp, line 735]
Event: 1795.164 Thread 0x00007fb301d7c000 Exception <a 'java/lang/ClassNotFoundException': > (0x0000000796dfe138) thrown at [/Users/java_re/workspace/8-2-build-macosx-x86_64/jdk8u201/12322/hotspot/src/share/vm/prims/jni.cpp, line 735]
Event: 1795.164 Thread 0x00007fb301d7c000 Exception <a 'java/lang/ClassNotFoundException': > (0x0000000796dff0a8) thrown at [/Users/java_re/workspace/8-2-build-macosx-x86_64/jdk8u201/12322/hotspot/src/share/vm/prims/jni.cpp, line 735]
Event: 1795.164 Thread 0x00007fb301d7c000 Exception <a 'java/lang/ClassNotFoundException': > (0x0000000796dffee0) thrown at [/Users/java_re/workspace/8-2-build-macosx-x86_64/jdk8u201/12322/hotspot/src/share/vm/prims/jni.cpp, line 735]

Events (10 events):
Event: 1916.657 Thread 0x00007fb301a04800 Thread added: 0x00007fb301a04800
Event: 1916.660 Thread 0x00007fb301a04800 Thread exited: 0x00007fb301a04800
Event: 1916.707 Executing VM operation: RevokeBias
Event: 1916.707 Executing VM operation: RevokeBias done
Event: 1916.707 Executing VM operation: RevokeBias
Event: 1916.707 Executing VM operation: RevokeBias done
Event: 1916.708 Executing VM operation: RevokeBias
Event: 1916.708 Executing VM operation: RevokeBias done
Event: 1916.708 Executing VM operation: RevokeBias
Event: 1916.708 Executing VM operation: RevokeBias done


Dynamic libraries:
0x00007fff53a0f000 	/System/Library/Frameworks/Cocoa.framework/Versions/A/Cocoa
0x00007fff60029000 	/System/Library/Frameworks/Security.framework/Versions/A/Security
0x00007fff52651000 	/System/Library/Frameworks/ApplicationServices.framework/Versions/A/ApplicationServices
0x00007fff7be81000 	/usr/lib/libz.1.dylib
0x00007fff79db2000 	/usr/lib/libSystem.B.dylib
0x00007fff7b46b000 	/usr/lib/libobjc.A.dylib
0x00007fff541c2000 	/System/Library/Frameworks/CoreFoundation.framework/Versions/A/CoreFoundation
0x00007fff56323000 	/System/Library/Frameworks/Foundation.framework/Versions/C/Foundation
0x00007fff517a1000 	/System/Library/Frameworks/AppKit.framework/Versions/C/AppKit
0x00007fff53d87000 	/System/Library/Frameworks/CoreData.framework/Versions/A/CoreData
0x00007fff736f2000 	/System/Library/PrivateFrameworks/RemoteViewServices.framework/Versions/A/RemoteViewServices
0x00007fff77e57000 	/System/Library/PrivateFrameworks/UIFoundation.framework/Versions/A/UIFoundation
0x00007fff684f1000 	/System/Library/PrivateFrameworks/DFRFoundation.framework/Versions/A/DFRFoundation
0x00007fff5898f000 	/System/Library/Frameworks/Metal.framework/Versions/A/Metal
0x00007fff6868e000 	/System/Library/PrivateFrameworks/DesktopServicesPriv.framework/Versions/A/DesktopServicesPriv
0x00007fff7a9b8000 	/usr/lib/libenergytrace.dylib
0x00007fff75ec2000 	/System/Library/PrivateFrameworks/SkyLight.framework/Versions/A/SkyLight
0x00007fff54665000 	/System/Library/Frameworks/CoreGraphics.framework/Versions/A/CoreGraphics
0x00007fff79dad000 	/usr/lib/libScreenReader.dylib
0x00007fff5073b000 	/System/Library/Frameworks/Accelerate.framework/Versions/A/Accelerate
0x00007fff56a9d000 	/System/Library/Frameworks/IOSurface.framework/Versions/A/IOSurface
0x00007fff52b9b000 	/System/Library/Frameworks/AudioToolbox.framework/Versions/A/AudioToolbox
0x00007fff52e2b000 	/System/Library/Frameworks/AudioUnit.framework/Versions/A/AudioUnit
0x00007fff68589000 	/System/Library/PrivateFrameworks/DataDetectorsCore.framework/Versions/A/DataDetectorsCore
0x00007fff53502000 	/System/Library/Frameworks/Carbon.framework/Versions/A/Frameworks/HIToolbox.framework/Versions/A/HIToolbox
0x00007fff7ab12000 	/usr/lib/libicucore.A.dylib
0x00007fff5f5a7000 	/System/Library/Frameworks/QuartzCore.framework/Versions/A/QuartzCore
0x00007fff75179000 	/System/Library/PrivateFrameworks/SignpostNotification.framework/Versions/A/SignpostNotification
0x00007fff538e8000 	/System/Library/Frameworks/Carbon.framework/Versions/A/Frameworks/SpeechRecognition.framework/Versions/A/SpeechRecognition
0x00007fff79f0e000 	/usr/lib/libauto.dylib
0x00007fff7bd70000 	/usr/lib/libxml2.2.dylib
0x00007fff68142000 	/System/Library/PrivateFrameworks/CoreUI.framework/Versions/A/CoreUI
0x00007fff53c63000 	/System/Library/Frameworks/CoreAudio.framework/Versions/A/CoreAudio
0x00007fff5615d000 	/System/Library/Frameworks/DiskArbitration.framework/Versions/A/DiskArbitration
0x00007fff7ad86000 	/usr/lib/liblangid.dylib
0x00007fff6fbfc000 	/System/Library/PrivateFrameworks/MultitouchSupport.framework/Versions/A/MultitouchSupport
0x00007fff56a00000 	/System/Library/Frameworks/IOKit.framework/Versions/A/IOKit
0x00007fff79a3c000 	/usr/lib/libDiagnosticMessagesClient.dylib
0x00007fff5533b000 	/System/Library/Frameworks/CoreServices.framework/Versions/A/CoreServices
0x00007fff7172e000 	/System/Library/PrivateFrameworks/PerformanceAnalysis.framework/Versions/A/PerformanceAnalysis
0x00007fff5e749000 	/System/Library/Frameworks/OpenGL.framework/Versions/A/OpenGL
0x00007fff53a1d000 	/System/Library/Frameworks/ColorSync.framework/Versions/A/ColorSync
0x00007fff54c77000 	/System/Library/Frameworks/CoreImage.framework/Versions/A/CoreImage
0x00007fff55ccb000 	/System/Library/Frameworks/CoreText.framework/Versions/A/CoreText
0x00007fff56afb000 	/System/Library/Frameworks/ImageIO.framework/Versions/A/ImageIO
0x00007fff64e39000 	/System/Library/PrivateFrameworks/Backup.framework/Versions/A/Backup
0x00007fff79e5e000 	/usr/lib/libarchive.2.dylib
0x00007fff5314e000 	/System/Library/Frameworks/CFNetwork.framework/Versions/A/CFNetwork
0x00007fff607bc000 	/System/Library/Frameworks/SystemConfiguration.framework/Versions/A/SystemConfiguration
0x00007fff79965000 	/usr/lib/libCRFSuite.dylib
0x00007fff79fe7000 	/usr/lib/libc++.1.dylib
0x00007fff7a03e000 	/usr/lib/libc++abi.dylib
0x00007fff7bf2f000 	/usr/lib/system/libcache.dylib
0x00007fff7bf34000 	/usr/lib/system/libcommonCrypto.dylib
0x00007fff7bf3f000 	/usr/lib/system/libcompiler_rt.dylib
0x00007fff7bf47000 	/usr/lib/system/libcopyfile.dylib
0x00007fff7bf51000 	/usr/lib/system/libcorecrypto.dylib
0x00007fff7c05e000 	/usr/lib/system/libdispatch.dylib
0x00007fff7c098000 	/usr/lib/system/libdyld.dylib
0x00007fff7c0b6000 	/usr/lib/system/libkeymgr.dylib
0x00007fff7c0c4000 	/usr/lib/system/liblaunch.dylib
0x00007fff7c0c5000 	/usr/lib/system/libmacho.dylib
0x00007fff7c0ca000 	/usr/lib/system/libquarantine.dylib
0x00007fff7c0cd000 	/usr/lib/system/libremovefile.dylib
0x00007fff7c0cf000 	/usr/lib/system/libsystem_asl.dylib
0x00007fff7c0e7000 	/usr/lib/system/libsystem_blocks.dylib
0x00007fff7c0e8000 	/usr/lib/system/libsystem_c.dylib
0x00007fff7c172000 	/usr/lib/system/libsystem_configuration.dylib
0x00007fff7c176000 	/usr/lib/system/libsystem_coreservices.dylib
0x00007fff7c17a000 	/usr/lib/system/libsystem_darwin.dylib
0x00007fff7c17c000 	/usr/lib/system/libsystem_dnssd.dylib
0x00007fff7c183000 	/usr/lib/system/libsystem_info.dylib
0x00007fff7c1f4000 	/usr/lib/system/libsystem_m.dylib
0x00007fff7c240000 	/usr/lib/system/libsystem_malloc.dylib
0x00007fff7c260000 	/usr/lib/system/libsystem_network.dylib
0x00007fff7c391000 	/usr/lib/system/libsystem_networkextension.dylib
0x00007fff7c39c000 	/usr/lib/system/libsystem_notify.dylib
0x00007fff7c3ba000 	/usr/lib/system/libsystem_sandbox.dylib
0x00007fff7c3be000 	/usr/lib/system/libsystem_secinit.dylib
0x00007fff7c1cd000 	/usr/lib/system/libsystem_kernel.dylib
0x00007fff7c3a6000 	/usr/lib/system/libsystem_platform.dylib
0x00007fff7c3ae000 	/usr/lib/system/libsystem_pthread.dylib
0x00007fff7c3c0000 	/usr/lib/system/libsystem_symptoms.dylib
0x00007fff7c3c8000 	/usr/lib/system/libsystem_trace.dylib
0x00007fff7c3dd000 	/usr/lib/system/libunwind.dylib
0x00007fff7c3e3000 	/usr/lib/system/libxpc.dylib
0x00007fff79878000 	/usr/lib/closure/libclosured.dylib
0x00007fff79fc8000 	/usr/lib/libbsm.0.dylib
0x00007fff7c0b7000 	/usr/lib/system/libkxld.dylib
0x00007fff79c76000 	/usr/lib/libOpenScriptingUtil.dylib
0x00007fff7a337000 	/usr/lib/libcoretls.dylib
0x00007fff7a350000 	/usr/lib/libcoretls_cfhelpers.dylib
0x00007fff7b86c000 	/usr/lib/libpam.2.dylib
0x00007fff7b993000 	/usr/lib/libsqlite3.dylib
0x00007fff7bd5f000 	/usr/lib/libxar.1.dylib
0x00007fff79fd9000 	/usr/lib/libbz2.1.0.dylib
0x00007fff7ad88000 	/usr/lib/liblzma.5.dylib
0x00007fff7b269000 	/usr/lib/libnetwork.dylib
0x00007fff79e47000 	/usr/lib/libapple_nghttp2.dylib
0x00007fff7b873000 	/usr/lib/libpcap.A.dylib
0x00007fff79f0f000 	/usr/lib/libboringssl.dylib
0x00007fff7bcfa000 	/usr/lib/libusrtcp.dylib
0x00007fff79e46000 	/usr/lib/libapple_crypto.dylib
0x00007fff556be000 	/System/Library/Frameworks/CoreServices.framework/Versions/A/Frameworks/FSEvents.framework/Versions/A/FSEvents
0x00007fff553b1000 	/System/Library/Frameworks/CoreServices.framework/Versions/A/Frameworks/CarbonCore.framework/Versions/A/CarbonCore
0x00007fff55885000 	/System/Library/Frameworks/CoreServices.framework/Versions/A/Frameworks/Metadata.framework/Versions/A/Metadata
0x00007fff55936000 	/System/Library/Frameworks/CoreServices.framework/Versions/A/Frameworks/OSServices.framework/Versions/A/OSServices
0x00007fff55997000 	/System/Library/Frameworks/CoreServices.framework/Versions/A/Frameworks/SearchKit.framework/Versions/A/SearchKit
0x00007fff5533c000 	/System/Library/Frameworks/CoreServices.framework/Versions/A/Frameworks/AE.framework/Versions/A/AE
0x00007fff556c7000 	/System/Library/Frameworks/CoreServices.framework/Versions/A/Frameworks/LaunchServices.framework/Versions/A/LaunchServices
0x00007fff55689000 	/System/Library/Frameworks/CoreServices.framework/Versions/A/Frameworks/DictionaryServices.framework/Versions/A/DictionaryServices
0x00007fff55a06000 	/System/Library/Frameworks/CoreServices.framework/Versions/A/Frameworks/SharedFileList.framework/Versions/A/SharedFileList
0x00007fff59bc5000 	/System/Library/Frameworks/NetFS.framework/Versions/A/NetFS
0x00007fff6fe8d000 	/System/Library/PrivateFrameworks/NetAuth.framework/Versions/A/NetAuth
0x00007fff7970f000 	/System/Library/PrivateFrameworks/login.framework/Versions/A/Frameworks/loginsupport.framework/Versions/A/loginsupport
0x00007fff77ad4000 	/System/Library/PrivateFrameworks/TCC.framework/Versions/A/TCC
0x00007fff7ae69000 	/usr/lib/libmecabra.dylib
0x00007fff52652000 	/System/Library/Frameworks/ApplicationServices.framework/Versions/A/Frameworks/ATS.framework/Versions/A/ATS
0x00007fff52a00000 	/System/Library/Frameworks/ApplicationServices.framework/Versions/A/Frameworks/ColorSyncLegacy.framework/Versions/A/ColorSyncLegacy
0x00007fff52aa4000 	/System/Library/Frameworks/ApplicationServices.framework/Versions/A/Frameworks/HIServices.framework/Versions/A/HIServices
0x00007fff52af7000 	/System/Library/Frameworks/ApplicationServices.framework/Versions/A/Frameworks/LangAnalysis.framework/Versions/A/LangAnalysis
0x00007fff52b06000 	/System/Library/Frameworks/ApplicationServices.framework/Versions/A/Frameworks/PrintCore.framework/Versions/A/PrintCore
0x00007fff52b53000 	/System/Library/Frameworks/ApplicationServices.framework/Versions/A/Frameworks/QD.framework/Versions/A/QD
0x00007fff52b8e000 	/System/Library/Frameworks/ApplicationServices.framework/Versions/A/Frameworks/SpeechSynthesis.framework/Versions/A/SpeechSynthesis
0x00007fff540de000 	/System/Library/Frameworks/CoreDisplay.framework/Versions/A/CoreDisplay
0x00007fff50753000 	/System/Library/Frameworks/Accelerate.framework/Versions/A/Frameworks/vImage.framework/Versions/A/vImage
0x00007fff514ad000 	/System/Library/Frameworks/Accelerate.framework/Versions/A/Frameworks/vecLib.framework/Versions/A/vecLib
0x00007fff5124d000 	/System/Library/Frameworks/Accelerate.framework/Versions/A/Frameworks/vecLib.framework/Versions/A/libvDSP.dylib
0x00007fff50dad000 	/System/Library/Frameworks/Accelerate.framework/Versions/A/Frameworks/vecLib.framework/Versions/A/libBNNS.dylib
0x00007fff511b2000 	/System/Library/Frameworks/Accelerate.framework/Versions/A/Frameworks/vecLib.framework/Versions/A/libQuadrature.dylib
0x00007fff513fb000 	/System/Library/Frameworks/Accelerate.framework/Versions/A/Frameworks/vecLib.framework/Versions/A/libvMisc.dylib
0x00007fff50ddc000 	/System/Library/Frameworks/Accelerate.framework/Versions/A/Frameworks/vecLib.framework/Versions/A/libLAPACK.dylib
0x00007fff50c52000 	/System/Library/Frameworks/Accelerate.framework/Versions/A/Frameworks/vecLib.framework/Versions/A/libBLAS.dylib
0x00007fff5119c000 	/System/Library/Frameworks/Accelerate.framework/Versions/A/Frameworks/vecLib.framework/Versions/A/libLinearAlgebra.dylib
0x00007fff511b8000 	/System/Library/Frameworks/Accelerate.framework/Versions/A/Frameworks/vecLib.framework/Versions/A/libSparse.dylib
0x00007fff51239000 	/System/Library/Frameworks/Accelerate.framework/Versions/A/Frameworks/vecLib.framework/Versions/A/libSparseBLAS.dylib
0x00007fff6cccd000 	/System/Library/PrivateFrameworks/GPUWrangler.framework/Versions/A/GPUWrangler
0x00007fff6e45e000 	/System/Library/PrivateFrameworks/IOAccelerator.framework/Versions/A/IOAccelerator
0x00007fff6e469000 	/System/Library/PrivateFrameworks/IOPresentment.framework/Versions/A/IOPresentment
0x00007fff68503000 	/System/Library/PrivateFrameworks/DSExternalDisplay.framework/Versions/A/DSExternalDisplay
0x00007fff5dbc8000 	/System/Library/Frameworks/OpenGL.framework/Versions/A/Libraries/libCoreFSCache.dylib
0x00007fff55e1c000 	/System/Library/Frameworks/CoreVideo.framework/Versions/A/CoreVideo
0x00007fff6da48000 	/System/Library/PrivateFrameworks/GraphVisualizer.framework/Versions/A/GraphVisualizer
0x00007fff58bc6000 	/System/Library/Frameworks/MetalPerformanceShaders.framework/Versions/A/MetalPerformanceShaders
0x00007fff79a74000 	/usr/lib/libFosl_dynamic.dylib
0x00007fff695d7000 	/System/Library/PrivateFrameworks/FaceCore.framework/Versions/A/FaceCore
0x00007fff5c9c3000 	/System/Library/Frameworks/OpenCL.framework/Versions/A/OpenCL
0x00007fff7a075000 	/usr/lib/libcompression.dylib
0x00007fff52751000 	/System/Library/Frameworks/ApplicationServices.framework/Versions/A/Frameworks/ATS.framework/Versions/A/Resources/libFontParser.dylib
0x00007fff52874000 	/System/Library/Frameworks/ApplicationServices.framework/Versions/A/Frameworks/ATS.framework/Versions/A/Resources/libFontRegistry.dylib
0x00007fff56d63000 	/System/Library/Frameworks/ImageIO.framework/Versions/A/Resources/libJPEG.dylib
0x00007fff5708c000 	/System/Library/Frameworks/ImageIO.framework/Versions/A/Resources/libTIFF.dylib
0x00007fff57062000 	/System/Library/Frameworks/ImageIO.framework/Versions/A/Resources/libPng.dylib
0x00007fff56c76000 	/System/Library/Frameworks/ImageIO.framework/Versions/A/Resources/libGIF.dylib
0x00007fff56c7b000 	/System/Library/Frameworks/ImageIO.framework/Versions/A/Resources/libJP2.dylib
0x00007fff57089000 	/System/Library/Frameworks/ImageIO.framework/Versions/A/Resources/libRadiance.dylib
0x00007fff64564000 	/System/Library/PrivateFrameworks/AppleJPEG.framework/Versions/A/AppleJPEG
0x00007fff58a2d000 	/System/Library/Frameworks/MetalPerformanceShaders.framework/Frameworks/MPSCore.framework/Versions/A/MPSCore
0x00007fff58a49000 	/System/Library/Frameworks/MetalPerformanceShaders.framework/Frameworks/MPSImage.framework/Versions/A/MPSImage
0x00007fff58ade000 	/System/Library/Frameworks/MetalPerformanceShaders.framework/Frameworks/MPSNeuralNetwork.framework/Versions/A/MPSNeuralNetwork
0x00007fff58ab9000 	/System/Library/Frameworks/MetalPerformanceShaders.framework/Frameworks/MPSMatrix.framework/Versions/A/MPSMatrix
0x00007fff6f95f000 	/System/Library/PrivateFrameworks/MetalTools.framework/Versions/A/MetalTools
0x00007fff5dd93000 	/System/Library/Frameworks/OpenGL.framework/Versions/A/Libraries/libGLU.dylib
0x00007fff5dbd3000 	/System/Library/Frameworks/OpenGL.framework/Versions/A/Libraries/libGFXShared.dylib
0x00007fff5dbdd000 	/System/Library/Frameworks/OpenGL.framework/Versions/A/Libraries/libGL.dylib
0x00007fff5dbe9000 	/System/Library/Frameworks/OpenGL.framework/Versions/A/Libraries/libGLImage.dylib
0x00007fff5dbc5000 	/System/Library/Frameworks/OpenGL.framework/Versions/A/Libraries/libCVMSPluginSupport.dylib
0x00007fff5dbce000 	/System/Library/Frameworks/OpenGL.framework/Versions/A/Libraries/libCoreVMClient.dylib
0x00007fff7a822000 	/usr/lib/libcups.2.dylib
0x00007fff57f94000 	/System/Library/Frameworks/Kerberos.framework/Versions/A/Kerberos
0x00007fff5675a000 	/System/Library/Frameworks/GSS.framework/Versions/A/GSS
0x00007fff7b926000 	/usr/lib/libresolv.9.dylib
0x00007fff7aa20000 	/usr/lib/libiconv.2.dylib
0x00007fff6dada000 	/System/Library/PrivateFrameworks/Heimdal.framework/Versions/A/Heimdal
0x00007fff7a9ef000 	/usr/lib/libheimdal-asn1.dylib
0x00007fff5ca3b000 	/System/Library/Frameworks/OpenDirectory.framework/Versions/A/OpenDirectory
0x00007fff6687a000 	/System/Library/PrivateFrameworks/CommonAuth.framework/Versions/A/CommonAuth
0x00007fff5ca1e000 	/System/Library/Frameworks/OpenDirectory.framework/Versions/A/Frameworks/CFOpenDirectory.framework/Versions/A/CFOpenDirectory
0x00007fff60355000 	/System/Library/Frameworks/SecurityFoundation.framework/Versions/A/SecurityFoundation
0x00007fff63729000 	/System/Library/PrivateFrameworks/APFS.framework/Versions/A/APFS
0x00007fff7bd5b000 	/usr/lib/libutil.dylib
0x00007fff645e7000 	/System/Library/PrivateFrameworks/AppleSauce.framework/Versions/A/AppleSauce
0x00007fff6ec46000 	/System/Library/PrivateFrameworks/LinguisticData.framework/Versions/A/LinguisticData
0x00007fff7ada2000 	/usr/lib/libmarisa.dylib
0x00007fff6ec00000 	/System/Library/PrivateFrameworks/Lexicon.framework/Versions/A/Lexicon
0x00007fff7999f000 	/usr/lib/libChineseTokenizer.dylib
0x00007fff7a064000 	/usr/lib/libcmph.dylib
0x00007fff6eb0a000 	/System/Library/PrivateFrameworks/LanguageModeling.framework/Versions/A/LanguageModeling
0x00007fff67389000 	/System/Library/PrivateFrameworks/CoreEmoji.framework/Versions/A/CoreEmoji
0x00007fff60413000 	/System/Library/Frameworks/ServiceManagement.framework/Versions/A/ServiceManagement
0x00007fff64e31000 	/System/Library/PrivateFrameworks/BackgroundTaskManagement.framework/Versions/A/BackgroundTaskManagement
0x00007fff7be58000 	/usr/lib/libxslt.1.dylib
0x00007fff53812000 	/System/Library/Frameworks/Carbon.framework/Versions/A/Frameworks/Ink.framework/Versions/A/Ink
0x00007fff77ce9000 	/System/Library/PrivateFrameworks/TextureIO.framework/Versions/A/TextureIO
0x00007fff79e89000 	/usr/lib/libate.dylib
0x00007fff68463000 	/System/Library/PrivateFrameworks/CrashReporterSupport.framework/Versions/A/CrashReporterSupport
0x00007fff75039000 	/System/Library/PrivateFrameworks/Sharing.framework/Versions/A/Sharing
0x00007fff6e84b000 	/System/Library/PrivateFrameworks/IconServices.framework/Versions/A/IconServices
0x00007fff64a61000 	/System/Library/PrivateFrameworks/AuthKit.framework/Versions/A/AuthKit
0x00007fff643e7000 	/System/Library/PrivateFrameworks/Apple80211.framework/Versions/A/Apple80211
0x00007fff68278000 	/System/Library/PrivateFrameworks/CoreUtils.framework/Versions/A/CoreUtils
0x00007fff55e57000 	/System/Library/Frameworks/CoreWLAN.framework/Versions/A/CoreWLAN
0x00007fff5689c000 	/System/Library/Frameworks/IOBluetooth.framework/Versions/A/IOBluetooth
0x00007fff734fd000 	/System/Library/PrivateFrameworks/ProtocolBuffer.framework/Versions/A/ProtocolBuffer
0x00007fff6fb57000 	/System/Library/PrivateFrameworks/MobileKeyBag.framework/Versions/A/MobileKeyBag
0x00007fff67b2d000 	/System/Library/PrivateFrameworks/CorePhoneNumbers.framework/Versions/A/CorePhoneNumbers
0x00007fff6451f000 	/System/Library/PrivateFrameworks/AppleIDAuthSupport.framework/Versions/A/AppleIDAuthSupport
0x00007fff6eaf6000 	/System/Library/PrivateFrameworks/KeychainCircle.framework/Versions/A/KeychainCircle
0x00007fff683fe000 	/System/Library/PrivateFrameworks/CoreWiFi.framework/Versions/A/CoreWiFi
0x00007fff53d5d000 	/System/Library/Frameworks/CoreBluetooth.framework/Versions/A/CoreBluetooth
0x00007fff6864d000 	/System/Library/PrivateFrameworks/DebugSymbols.framework/Versions/A/DebugSymbols
0x00007fff6802e000 	/System/Library/PrivateFrameworks/CoreSymbolication.framework/Versions/A/CoreSymbolication
0x00007fff774da000 	/System/Library/PrivateFrameworks/Symbolication.framework/Versions/A/Symbolication
0x00007fff64411000 	/System/Library/PrivateFrameworks/AppleFSCompression.framework/Versions/A/AppleFSCompression
0x00007fff76927000 	/System/Library/PrivateFrameworks/SpeechRecognitionCore.framework/Versions/A/SpeechRecognitionCore
0x000000010a200000 	/Library/Java/JavaVirtualMachines/jdk1.8.0_201.jdk/Contents/Home/jre/lib/server/libjvm.dylib
0x00007fff7bc28000 	/usr/lib/libstdc++.6.0.9.dylib
0x0000000109999000 	/Library/Java/JavaVirtualMachines/jdk1.8.0_201.jdk/Contents/Home/jre/lib/libverify.dylib
0x00000001099a7000 	/Library/Java/JavaVirtualMachines/jdk1.8.0_201.jdk/Contents/Home/jre/lib/libjava.dylib
0x00000001099e7000 	/Library/Java/JavaVirtualMachines/jdk1.8.0_201.jdk/Contents/Home/jre/lib/libzip.dylib
0x000000010df8f000 	/Library/Java/JavaVirtualMachines/jdk1.8.0_201.jdk/Contents/Home/jre/lib/libnet.dylib
0x0000000123bde000 	/Library/Java/JavaVirtualMachines/jdk1.8.0_201.jdk/Contents/Home/jre/lib/libawt.dylib
0x0000000123c87000 	/Library/Java/JavaVirtualMachines/jdk1.8.0_201.jdk/Contents/Home/jre/lib/./libmlib_image.dylib
0x00007fff57f7d000 	/System/Library/Frameworks/JavaVM.framework/Versions/A/Frameworks/JavaNativeFoundation.framework/Versions/A/JavaNativeFoundation
0x00007fff57f86000 	/System/Library/Frameworks/JavaVM.framework/Versions/A/Frameworks/JavaRuntimeSupport.framework/Versions/A/JavaRuntimeSupport
0x00007fff57f8f000 	/System/Library/Frameworks/JavaVM.framework/Versions/A/JavaVM
0x00007fff6ea0c000 	/System/Library/PrivateFrameworks/JavaLaunching.framework/Versions/A/JavaLaunching
0x00007fff534fd000 	/System/Library/Frameworks/Carbon.framework/Versions/A/Carbon
0x00007fff534fe000 	/System/Library/Frameworks/Carbon.framework/Versions/A/Frameworks/CommonPanels.framework/Versions/A/CommonPanels
0x00007fff53808000 	/System/Library/Frameworks/Carbon.framework/Versions/A/Frameworks/Help.framework/Versions/A/Help
0x00007fff5380c000 	/System/Library/Frameworks/Carbon.framework/Versions/A/Frameworks/ImageCapture.framework/Versions/A/ImageCapture
0x00007fff538a8000 	/System/Library/Frameworks/Carbon.framework/Versions/A/Frameworks/OpenScripting.framework/Versions/A/OpenScripting
0x00007fff538e3000 	/System/Library/Frameworks/Carbon.framework/Versions/A/Frameworks/Print.framework/Versions/A/Print
0x00007fff538e5000 	/System/Library/Frameworks/Carbon.framework/Versions/A/Frameworks/SecurityHI.framework/Versions/A/SecurityHI
0x0000000123d53000 	/Library/Java/JavaVirtualMachines/jdk1.8.0_201.jdk/Contents/Home/jre/lib/libawt_lwawt.dylib
0x000000010de82000 	/Library/Java/JavaVirtualMachines/jdk1.8.0_201.jdk/Contents/Home/jre/lib/./libosxapp.dylib
0x00007fff562fc000 	/System/Library/Frameworks/ExceptionHandling.framework/Versions/A/ExceptionHandling
0x00007fff67cc0000 	/System/Library/PrivateFrameworks/CoreServicesInternal.framework/Versions/A/CoreServicesInternal
0x00007fff4c779000 	/System/Library/CoreServices/RawCamera.bundle/Contents/MacOS/RawCamera
0x00007fff6f9d1000 	/System/Library/PrivateFrameworks/MobileAsset.framework/Versions/A/MobileAsset
0x00007fff76de1000 	/System/Library/PrivateFrameworks/StreamingZip.framework/Versions/A/StreamingZip
0x00007fff58323000 	/System/Library/Frameworks/MediaToolbox.framework/Versions/A/MediaToolbox
0x00007fff66fc8000 	/System/Library/PrivateFrameworks/CoreAVCHD.framework/Versions/A/CoreAVCHD
0x00007fff5826c000 	/System/Library/Frameworks/MediaAccessibility.framework/Versions/A/MediaAccessibility
0x00007fff6f44c000 	/System/Library/PrivateFrameworks/Mangrove.framework/Versions/A/Mangrove
0x00007fff551f5000 	/System/Library/Frameworks/CoreMedia.framework/Versions/A/CoreMedia
0x00007fff609e1000 	/System/Library/Frameworks/VideoToolbox.framework/Versions/A/VideoToolbox
0x00007fff66bbf000 	/System/Library/PrivateFrameworks/CoreAUC.framework/Versions/A/CoreAUC
0x00007fff7b991000 	/usr/lib/libspindump.dylib
0x00007fff646dc000 	/System/Library/PrivateFrameworks/AppleVA.framework/Versions/A/AppleVA
0x00007fff5073c000 	/System/Library/Frameworks/Accelerate.framework/Versions/A/Frameworks/vImage.framework/Versions/A/Libraries/libCGInterfaces.dylib
0x00007fff69a0f000 	/System/Library/PrivateFrameworks/FamilyControls.framework/Versions/A/FamilyControls
0x00007fff6686d000 	/System/Library/PrivateFrameworks/CommerceKit.framework/Versions/A/Frameworks/CommerceCore.framework/Versions/A/CommerceCore
0x00007fff77829000 	/System/Library/PrivateFrameworks/SystemAdministration.framework/Versions/A/SystemAdministration
0x00007fff6439a000 	/System/Library/PrivateFrameworks/AppContainer.framework/Versions/A/AppContainer
0x00007fff74ef1000 	/System/Library/PrivateFrameworks/SecCodeWrapper.framework/Versions/A/SecCodeWrapper
0x00007fff6899b000 	/System/Library/PrivateFrameworks/DiskManagement.framework/Versions/A/DiskManagement
0x00007fff56070000 	/System/Library/Frameworks/DirectoryService.framework/Versions/A/DirectoryService
0x00007fff688c8000 	/System/Library/PrivateFrameworks/DiskImages.framework/Versions/A/DiskImages
0x00007fff6ed3d000 	/System/Library/PrivateFrameworks/LoginUIKit.framework/Versions/A/Frameworks/LoginUICore.framework/Versions/A/LoginUICore
0x00007fff799ab000 	/usr/lib/libCoreStorage.dylib
0x00007fff7a816000 	/usr/lib/libcsfde.dylib
0x00007fff7b85a000 	/usr/lib/libodfde.dylib
0x00007fff6f56b000 	/System/Library/PrivateFrameworks/MediaKit.framework/Versions/A/MediaKit
0x00007fff5607c000 	/System/Library/Frameworks/DiscRecording.framework/Versions/A/DiscRecording
0x00007fff68b17000 	/System/Library/PrivateFrameworks/EFILogin.framework/Versions/A/EFILogin
0x00007fff734a5000 	/System/Library/PrivateFrameworks/ProtectedCloudStorage.framework/Versions/A/ProtectedCloudStorage
0x00007fff7a8a3000 	/usr/lib/libcurl.4.dylib
0x00007fff7a4ea000 	/usr/lib/libcrypto.35.dylib
0x00007fff7bb82000 	/usr/lib/libssl.35.dylib
0x00007fff57fae000 	/System/Library/Frameworks/LDAP.framework/Versions/A/LDAP
0x00007fff77e50000 	/System/Library/PrivateFrameworks/TrustEvaluationAgent.framework/Versions/A/TrustEvaluationAgent
0x00007fff7b97e000 	/usr/lib/libsasl2.2.dylib
0x00007fff67212000 	/System/Library/PrivateFrameworks/CoreDaemon.framework/Versions/B/CoreDaemon
0x00007fff645de000 	/System/Library/PrivateFrameworks/AppleSRP.framework/Versions/A/AppleSRP
0x0000000124381000 	/Library/Java/JavaVirtualMachines/jdk1.8.0_201.jdk/Contents/Home/jre/lib/libfontmanager.dylib
0x00007fff5e759000 	/System/Library/Frameworks/OpenGL.framework/Versions/A/Resources/GLEngine.bundle/GLEngine
0x00007fff5dc25000 	/System/Library/Frameworks/OpenGL.framework/Versions/A/Libraries/libGLProgrammability.dylib
0x0000000125523000 	/System/Library/Extensions/AppleIntelBDWGraphicsGLDriver.bundle/Contents/MacOS/AppleIntelBDWGraphicsGLDriver
0x00007fff6ccc1000 	/System/Library/PrivateFrameworks/GPUSupport.framework/Versions/A/Libraries/libGPUSupportMercury.dylib
0x00007fff5e8f1000 	/System/Library/Frameworks/OpenGL.framework/Versions/A/Resources/GLRendererFloat.bundle/GLRendererFloat
0x00007fff5c9ba000 	/System/Library/Frameworks/OpenCL.framework/Versions/A/Libraries/libcldcpuengine.dylib
0x00000001267be000 	/Library/Java/JavaVirtualMachines/jdk1.8.0_201.jdk/Contents/Home/jre/lib/libnio.dylib
0x0000000126bce000 	/private/var/folders/wv/qyx0h1rs4k9dwqlymkk5q7mm0000gn/T/jna-104069058/jna8285104391613579218.tmp
0x0000000126be4000 	/Users/mochi/Documents/recurse/overtone/native/macosx/x86_64/libscsynth.dylib
0x0000000123b8c000 	/Library/Java/JavaVirtualMachines/jdk1.8.0_201.jdk/Contents/Home/jre/lib/libjsound.dylib
0x00007fff54fd3000 	/System/Library/Frameworks/CoreMIDI.framework/Versions/A/CoreMIDI
0x00007fff7a9b9000 	/usr/lib/libexpat.1.dylib
0x0000000123b9f000 	/System/Library/Extensions/AppleHDA.kext/Contents/PlugIns/AppleHDAHALPlugIn.bundle/Contents/MacOS/AppleHDAHALPlugIn
0x0000000123bb2000 	/Library/Java/JavaVirtualMachines/jdk1.8.0_201.jdk/Contents/Home/jre/lib/libmanagement.dylib
0x0000000123bc4000 	/Users/mochi/Documents/recurse/overtone/native/macosx/x86_64/Concat.scx
0x0000000123bcb000 	/Users/mochi/Documents/recurse/overtone/native/macosx/x86_64/BatPVUgens.scx
0x0000000127bc7000 	/Users/mochi/Documents/recurse/overtone/native/macosx/x86_64/GrainUGens.scx
0x0000000123bd3000 	/Users/mochi/Documents/recurse/overtone/native/macosx/x86_64/KeyboardUGens.scx
0x0000000127bda000 	/Users/mochi/Documents/recurse/overtone/native/macosx/x86_64/PanUGens.scx
0x0000000123bd8000 	/Users/mochi/Documents/recurse/overtone/native/macosx/x86_64/DynNoiseUGens.scx
0x0000000127be3000 	/Users/mochi/Documents/recurse/overtone/native/macosx/x86_64/DelayUGens.scx
0x0000000127c0e000 	/Users/mochi/Documents/recurse/overtone/native/macosx/x86_64/MulAddUGens.scx
0x0000000127c15000 	/Users/mochi/Documents/recurse/overtone/native/macosx/x86_64/DemandUGens.scx
0x0000000127c20000 	/Users/mochi/Documents/recurse/overtone/native/macosx/x86_64/StkUGens.scx
0x0000000127ccd000 	/Users/mochi/Documents/recurse/overtone/native/macosx/x86_64/BhobFFT.scx
0x0000000127ce0000 	/Users/mochi/Documents/recurse/overtone/native/macosx/x86_64/BlackrainUGens.scx
0x0000000127ce5000 	/Users/mochi/Documents/recurse/overtone/native/macosx/x86_64/MCLDPollUGens.scx
0x0000000127ce9000 	/Users/mochi/Documents/recurse/overtone/native/macosx/x86_64/JoshUGens.scx
0x0000000127d03000 	/Users/mochi/Documents/recurse/overtone/native/macosx/x86_64/PhysicalModelingUGens.scx
0x0000000127d07000 	/Users/mochi/Documents/recurse/overtone/native/macosx/x86_64/DistortionUGens.scx
0x0000000127d0b000 	/Users/mochi/Documents/recurse/overtone/native/macosx/x86_64/VBAP.scx
0x0000000127d11000 	/Users/mochi/Documents/recurse/overtone/native/macosx/x86_64/FFT_UGens.scx
0x0000000127d31000 	/Users/mochi/Documents/recurse/overtone/native/macosx/x86_64/LadspaUGen.scx
0x0000000127d35000 	/Users/mochi/Documents/recurse/overtone/native/macosx/x86_64/MCLDChaosUGens.scx
0x0000000127d3b000 	/Users/mochi/Documents/recurse/overtone/native/macosx/x86_64/BatUGens.scx
0x0000000127d40000 	/Users/mochi/Documents/recurse/overtone/native/macosx/x86_64/SummerUGens.scx
0x0000000127d45000 	/Users/mochi/Documents/recurse/overtone/native/macosx/x86_64/TagSystemUgens.scx
0x0000000127d4b000 	/Users/mochi/Documents/recurse/overtone/native/macosx/x86_64/FilterUGens.scx
0x0000000127d67000 	/Users/mochi/Documents/recurse/overtone/native/macosx/x86_64/ML_UGens.scx
0x0000000127d9a000 	/Users/mochi/Documents/recurse/overtone/native/macosx/x86_64/MCLDTreeUGens.scx
0x0000000127d9f000 	/Users/mochi/Documents/recurse/overtone/native/macosx/x86_64/JoshGrainUGens.scx
0x0000000127dca000 	/Users/mochi/Documents/recurse/overtone/native/macosx/x86_64/MCLDCepstrumUGens.scx
0x0000000127dda000 	/Users/mochi/Documents/recurse/overtone/native/macosx/x86_64/AmbisonicUGens.scx
0x0000000127de0000 	/Users/mochi/Documents/recurse/overtone/native/macosx/x86_64/ChaosUGens.scx
0x0000000127de9000 	/Users/mochi/Documents/recurse/overtone/native/macosx/x86_64/MouseUGens.scx
0x0000000127def000 	/Users/mochi/Documents/recurse/overtone/native/macosx/x86_64/JoshPVUGens.scx
0x0000000127e0c000 	/Users/mochi/Documents/recurse/overtone/native/macosx/x86_64/BBCut2UGens.scx
0x0000000127e14000 	/Users/mochi/Documents/recurse/overtone/native/macosx/x86_64/RFWUGens.scx
0x0000000127e18000 	/Users/mochi/Documents/recurse/overtone/native/macosx/x86_64/DiskIO_UGens.scx
0x0000000127e8e000 	/Users/mochi/Documents/recurse/overtone/native/macosx/x86_64/TestUGens.scx
0x0000000127e92000 	/Users/mochi/Documents/recurse/overtone/native/macosx/x86_64/BerlachUGens.scx
0x0000000127ea3000 	/Users/mochi/Documents/recurse/overtone/native/macosx/x86_64/UnaryOpUGens.scx
0x0000000127eb9000 	/Users/mochi/Documents/recurse/overtone/native/macosx/x86_64/MCLDDistortionUGens.scx
0x0000000127ebd000 	/Users/mochi/Documents/recurse/overtone/native/macosx/x86_64/MCLDGetenvUGen.scx
0x0000000127ec1000 	/Users/mochi/Documents/recurse/overtone/native/macosx/x86_64/LoopBuf.scx
0x0000000127ec6000 	/Users/mochi/Documents/recurse/overtone/native/macosx/x86_64/AtkUGens.scx
0x0000000127edf000 	/Users/mochi/Documents/recurse/overtone/native/macosx/x86_64/PitchDetection.scx
0x0000000127ee6000 	/Users/mochi/Documents/recurse/overtone/native/macosx/x86_64/LFUGens.scx
0x0000000127ef9000 	/Users/mochi/Documents/recurse/overtone/native/macosx/x86_64/BetablockerUGens.scx
0x0000000127f01000 	/Users/mochi/Documents/recurse/overtone/native/macosx/x86_64/UnpackFFTUGens.scx
0x0000000127f0d000 	/Users/mochi/Documents/recurse/overtone/native/macosx/x86_64/PV_ThirdParty.scx
0x0000000127f21000 	/Users/mochi/Documents/recurse/overtone/native/macosx/x86_64/VOSIM.scx
0x0000000127f26000 	/Users/mochi/Documents/recurse/overtone/native/macosx/x86_64/BhobChaos.scx
0x0000000127f31000 	/Users/mochi/Documents/recurse/overtone/native/macosx/x86_64/MCLDBufferUGens.scx
0x0000000127f36000 	/Users/mochi/Documents/recurse/overtone/native/macosx/x86_64/OscUGens.scx
0x0000000127f46000 	/Users/mochi/Documents/recurse/overtone/native/macosx/x86_64/MCLDFilterUGens.scx
0x0000000127f4a000 	/Users/mochi/Documents/recurse/overtone/native/macosx/x86_64/GlitchUGens.scx
0x0000000127f4f000 	/Users/mochi/Documents/recurse/overtone/native/macosx/x86_64/BhobNoise.scx
0x0000000127f58000 	/Users/mochi/Documents/recurse/overtone/native/macosx/x86_64/MCLDFFTUGens.scx
0x0000000127f6d000 	/Users/mochi/Documents/recurse/overtone/native/macosx/x86_64/MdaUGens.scx
0x000000012808f000 	/Users/mochi/Documents/recurse/overtone/native/macosx/x86_64/NoiseUGens.scx
0x0000000128096000 	/Users/mochi/Documents/recurse/overtone/native/macosx/x86_64/MCLDOscUGens.scx
0x000000012809a000 	/Users/mochi/Documents/recurse/overtone/native/macosx/x86_64/MembraneUGens.scx
0x000000012809f000 	/Users/mochi/Documents/recurse/overtone/native/macosx/x86_64/JoshAmbiUGens.scx
0x00000001280ac000 	/Users/mochi/Documents/recurse/overtone/native/macosx/x86_64/BhobGrain.scx
0x00000001280b3000 	/Users/mochi/Documents/recurse/overtone/native/macosx/x86_64/BinaryOpUGens.scx
0x00000001280dc000 	/Users/mochi/Documents/recurse/overtone/native/macosx/x86_64/IOUGens.scx
0x00000001280e4000 	/Users/mochi/Documents/recurse/overtone/native/macosx/x86_64/TriggerUGens.scx
0x00000001280f0000 	/Users/mochi/Documents/recurse/overtone/native/macosx/x86_64/RMEQSuite.scx
0x00000001280f8000 	/Users/mochi/Documents/recurse/overtone/native/macosx/x86_64/MCLDTriggeredStatsUgens.scx
0x00000001280fc000 	/Users/mochi/Documents/recurse/overtone/native/macosx/x86_64/AY_UGen.scx
0x0000000128103000 	/Users/mochi/Documents/recurse/overtone/native/macosx/x86_64/MCLDSOMUGens.scx
0x0000000128109000 	/Users/mochi/Documents/recurse/overtone/native/macosx/x86_64/TJUGens.scx
0x0000000128113000 	/Users/mochi/Documents/recurse/overtone/native/macosx/x86_64/GendynUGens.scx
0x0000000128118000 	/Users/mochi/Documents/recurse/overtone/native/macosx/x86_64/NCAnalysisUGens.scx
0x0000000128137000 	/Users/mochi/Documents/recurse/overtone/native/macosx/x86_64/ReverbUGens.scx
0x000000012813f000 	/Users/mochi/Documents/recurse/overtone/native/macosx/x86_64/SLUGens.scx
0x000000012814e000 	/Users/mochi/Documents/recurse/overtone/native/macosx/x86_64/BhobFilt.scx

VM Arguments:
jvm_args: -Dfile.encoding=UTF-8 -XX:-OmitStackTraceInFastThrow -XX:+TieredCompilation -XX:TieredStopAtLevel=1 -Dclojure.compile.path=/Users/mochi/Documents/recurse/overtone/target/classes -Dovertone-tutorial.version=1.0.0 -Dclojure.debug=false -Djava.library.path=/Users/mochi/Documents/recurse/overtone/native/macosx/x86_64 
java_command: clojure.main -i /private/var/folders/wv/qyx0h1rs4k9dwqlymkk5q7mm0000gn/T/form-init688000998549537478.clj
java_class_path (initial): /Users/mochi/Documents/recurse/overtone/test:/Users/mochi/Documents/recurse/overtone/src:/Users/mochi/Documents/recurse/overtone/dev-resources:/Users/mochi/Documents/recurse/overtone/resources:/Users/mochi/Documents/recurse/overtone/target/classes:/Users/mochi/.m2/repository/clojure-complete/clojure-complete/0.2.5/clojure-complete-0.2.5.jar:/Users/mochi/.m2/repository/overtone/scsynth-extras/3.5.7.0/scsynth-extras-3.5.7.0.jar:/Users/mochi/.m2/repository/overtone/at-at/1.2.0/at-at-1.2.0.jar:/Users/mochi/.m2/repository/nrepl/nrepl/0.6.0/nrepl-0.6.0.jar:/Users/mochi/.m2/repository/overtone/byte-spec/0.3.1/byte-spec-0.3.1.jar:/Users/mochi/.m2/repository/org/clojure/clojure/1.9.0-alpha17/clojure-1.9.0-alpha17.jar:/Users/mochi/.m2/repository/overtone/osc-clj/0.9.0/osc-clj-0.9.0.jar:/Users/mochi/.m2/repository/overtone/libs.handlers/0.2.0/libs.handlers-0.2.0.jar:/Users/mochi/.m2/repository/overtone/overtone/0.10.3/overtone-0.10.3.jar:/Users/mochi/.m2/repository/overtone/scsynth/3.5.7.0/scsynth-3.5.7.0.jar:/Users/mochi/.m2/repository/org/clojure/core.specs.alpha/0.1.10/core.specs.alpha-0.1.10.jar:/Users/mochi/.m2/repository/commons-net/commons-net/3.0.1/commons-net-3.0.1.jar:/Users/mochi/.m2/repository/cider/cider-nrepl/0.21.1/cider-nrepl-0.21.1.jar:/Users/mochi/.m2/repository/javax/jmdns/jmdns/3.4.1/jmdns-3.4.1.jar:/Users/mochi/.m2/repository/org/clojure/data.json/0.2.6/data.json-0.2.6.jar:/Users/mochi/.m2/repository/org/clojure/spec.alpha/0.1.123/spec.alpha-0.1.123.jar:/Users/mochi/.m2/repository/net/java/dev/jna/jna/4.1.0/jna-4.1.0.jar:/Users/mochi/.m2/repository/clj-glob/clj-glob/1.0.0/clj-glob-1.0.0.jar:/Users/mochi/.m2/repository/overtone/midi-clj/0.5.0/midi-clj-0.5.0.jar:/Users/mochi/.m2/repository/clj-native/clj-native/0.9.5/clj-native-0.9.5.jar
Launcher Type: SUN_STANDARD

Environment Variables:
CLASSPATH=/Users/mochi/.lein/self-installs/leiningen-2.9.1-standalone.jar
PATH=/anaconda3/bin:/usr/local/bin:/usr/bin:/bin:/usr/sbin:/sbin:/Library/TeX/texbin:/usr/local/share/dotnet:~/.dotnet/tools:/Library/Frameworks/Mono.framework/Versions/Current/Commands:/anaconda3/bin:/Applications/Emacs.app/Contents/MacOS/bin-x86_64-10_10:/Applications/Emacs.app/Contents/MacOS/libexec-x86_64-10_10
SHELL=/bin/bash
DISPLAY=Lees-MacBook-Air.local

Signal Handlers:
SIGSEGV: [libjvm.dylib+0x5b723d], sa_mask[0]=11111111011111110111111111111111, sa_flags=SA_ONSTACK|SA_RESTART|SA_SIGINFO
SIGBUS: [libjvm.dylib+0x5b723d], sa_mask[0]=11111111011111110111111111111111, sa_flags=SA_RESTART|SA_SIGINFO
SIGFPE: [libjvm.dylib+0x48c9bc], sa_mask[0]=11111111011111110111111111111111, sa_flags=SA_RESTART|SA_SIGINFO
SIGPIPE: [libjvm.dylib+0x48c9bc], sa_mask[0]=11111111011111110111111111111111, sa_flags=SA_RESTART|SA_SIGINFO
SIGXFSZ: [libjvm.dylib+0x48c9bc], sa_mask[0]=11111111011111110111111111111111, sa_flags=SA_RESTART|SA_SIGINFO
SIGILL: [libjvm.dylib+0x48c9bc], sa_mask[0]=11111111011111110111111111111111, sa_flags=SA_RESTART|SA_SIGINFO
SIGUSR1: SIG_DFL, sa_mask[0]=11011111011111100000000111000110, sa_flags=none
SIGUSR2: [libjvm.dylib+0x48c4da], sa_mask[0]=00100000000000000000000000000000, sa_flags=SA_RESTART|SA_SIGINFO
SIGHUP: [libjvm.dylib+0x48aa65], sa_mask[0]=11111111011111110111111111111111, sa_flags=SA_RESTART|SA_SIGINFO
SIGINT: [libjvm.dylib+0x48aa65], sa_mask[0]=11111111011111110111111111111111, sa_flags=SA_RESTART|SA_SIGINFO
SIGTERM: [libjvm.dylib+0x48aa65], sa_mask[0]=11111111011111110111111111111111, sa_flags=SA_RESTART|SA_SIGINFO
SIGQUIT: [libjvm.dylib+0x48aa65], sa_mask[0]=11111111011111110111111111111111, sa_flags=SA_RESTART|SA_SIGINFO


---------------  S Y S T E M  ---------------

OS:Bsduname:Darwin 17.7.0 Darwin Kernel Version 17.7.0: Thu Jun 21 22:53:14 PDT 2018; root:xnu-4570.71.2~1/RELEASE_X86_64 x86_64
rlimit: STACK 9788k, CORE 0k, NPROC 709, NOFILE 10240, AS infinity
load average:3.50 3.02 2.81

CPU:total 4 (initial active 4) (2 cores per cpu, 2 threads per core) family 6 model 61 stepping 4, cmov, cx8, fxsr, mmx, sse, sse2, sse3, ssse3, sse4.1, sse4.2, popcnt, avx, avx2, aes, clmul, erms, rtm, 3dnowpref, lzcnt, ht, tsc, tscinvbit, bmi1, bmi2, adx

Memory: 4k page, physical 8388608k(139764k free)

/proc/meminfo:


vm_info: Java HotSpot(TM) 64-Bit Server VM (25.201-b09) for bsd-amd64 JRE (1.8.0_201-b09), built on Dec 15 2018 18:35:23 by "java_re" with gcc 4.2.1 (Based on Apple Inc. build 5658) (LLVM build 2336.11.00)

time: Tue May 28 12:17:36 2019
timezone: EDT
elapsed time: 1917 seconds (0d 0h 31m 57s)

